<?xml version="1.0" encoding="UTF-8"?>
<coverage generated="1606017338463" clover="3.2.0">
  <project timestamp="1606017338463" name="All files">
    <metrics statements="227" coveredstatements="103" conditionals="81" coveredconditionals="29" methods="83" coveredmethods="26" elements="391" coveredelements="158" complexity="0" loc="227" ncloc="227" packages="4" files="24" classes="24"/>
    <package name="Team-Aqua">
      <metrics statements="4" coveredstatements="4" conditionals="2" coveredconditionals="1" methods="0" coveredmethods="0"/>
      <file name="UserContext.js" path="/Users/daniellaasapokhai/Desktop/Team-Aqua/UserContext.js">
        <metrics statements="1" coveredstatements="1" conditionals="0" coveredconditionals="0" methods="0" coveredmethods="0"/>
        <line num="3" count="5" type="stmt"/>
      </file>
      <file name="firebase.js" path="/Users/daniellaasapokhai/Desktop/Team-Aqua/firebase.js">
        <metrics statements="3" coveredstatements="3" conditionals="2" coveredconditionals="1" methods="0" coveredmethods="0"/>
        <line num="5" count="5" type="stmt"/>
        <line num="16" count="5" type="cond" truecount="1" falsecount="1"/>
        <line num="17" count="5" type="stmt"/>
      </file>
    </package>
    <package name="Team-Aqua.assets">
      <metrics statements="1" coveredstatements="1" conditionals="0" coveredconditionals="0" methods="0" coveredmethods="0"/>
      <file name="icons8-marker.png" path="/Users/daniellaasapokhai/Desktop/Team-Aqua/assets/icons8-marker.png">
        <metrics statements="1" coveredstatements="1" conditionals="0" coveredconditionals="0" methods="0" coveredmethods="0"/>
        <line num="1" count="1" type="stmt"/>
      </file>
    </package>
    <package name="Team-Aqua.components">
      <metrics statements="199" coveredstatements="83" conditionals="66" coveredconditionals="19" methods="72" coveredmethods="20"/>
      <file name="Directions.js" path="/Users/daniellaasapokhai/Desktop/Team-Aqua/components/Directions.js">
        <metrics statements="6" coveredstatements="3" conditionals="0" coveredconditionals="0" methods="3" coveredmethods="1"/>
        <line num="7" count="1" type="stmt"/>
        <line num="9" count="2" type="stmt"/>
        <line num="10" count="0" type="stmt"/>
        <line num="14" count="0" type="stmt"/>
        <line num="16" count="0" type="stmt"/>
        <line num="19" count="2" type="stmt"/>
      </file>
      <file name="Form.js" path="/Users/daniellaasapokhai/Desktop/Team-Aqua/components/Form.js">
        <metrics statements="5" coveredstatements="5" conditionals="0" coveredconditionals="0" methods="1" coveredmethods="1"/>
        <line num="8" count="6" type="stmt"/>
        <line num="10" count="5" type="stmt"/>
        <line num="11" count="5" type="stmt"/>
        <line num="12" count="5" type="stmt"/>
        <line num="13" count="5" type="stmt"/>
      </file>
      <file name="InputModal.js" path="/Users/daniellaasapokhai/Desktop/Team-Aqua/components/InputModal.js">
        <metrics statements="42" coveredstatements="13" conditionals="8" coveredconditionals="2" methods="16" coveredmethods="1"/>
        <line num="19" count="4" type="stmt"/>
        <line num="27" count="2" type="stmt"/>
        <line num="28" count="2" type="stmt"/>
        <line num="29" count="2" type="stmt"/>
        <line num="30" count="2" type="stmt"/>
        <line num="31" count="2" type="stmt"/>
        <line num="32" count="2" type="stmt"/>
        <line num="35" count="2" type="stmt"/>
        <line num="49" count="2" type="stmt"/>
        <line num="50" count="0" type="stmt"/>
        <line num="51" count="0" type="stmt"/>
        <line num="52" count="0" type="stmt"/>
        <line num="53" count="0" type="stmt"/>
        <line num="54" count="0" type="stmt"/>
        <line num="55" count="0" type="stmt"/>
        <line num="59" count="0" type="stmt"/>
        <line num="62" count="0" type="stmt"/>
        <line num="63" count="0" type="stmt"/>
        <line num="69" count="2" type="stmt"/>
        <line num="70" count="0" type="stmt"/>
        <line num="73" count="2" type="stmt"/>
        <line num="74" count="0" type="stmt"/>
        <line num="75" count="0" type="stmt"/>
        <line num="76" count="0" type="stmt"/>
        <line num="77" count="0" type="stmt"/>
        <line num="78" count="0" type="stmt"/>
        <line num="79" count="0" type="stmt"/>
        <line num="81" count="0" type="stmt"/>
        <line num="101" count="0" type="stmt"/>
        <line num="105" count="0" type="cond" truecount="0" falsecount="2"/>
        <line num="110" count="0" type="stmt"/>
        <line num="116" count="0" type="stmt"/>
        <line num="117" count="0" type="stmt"/>
        <line num="121" count="2" type="stmt"/>
        <line num="129" count="0" type="stmt"/>
        <line num="139" count="0" type="cond" truecount="0" falsecount="2"/>
        <line num="140" count="0" type="stmt"/>
        <line num="142" count="0" type="stmt"/>
        <line num="164" count="0" type="stmt"/>
        <line num="171" count="0" type="stmt"/>
        <line num="181" count="0" type="stmt"/>
        <line num="203" count="4" type="stmt"/>
      </file>
      <file name="PinDetails.js" path="/Users/daniellaasapokhai/Desktop/Team-Aqua/components/PinDetails.js">
        <metrics statements="7" coveredstatements="7" conditionals="6" coveredconditionals="3" methods="2" coveredmethods="1"/>
        <line num="19" count="1" type="stmt"/>
        <line num="20" count="2" type="stmt"/>
        <line num="21" count="2" type="stmt"/>
        <line num="22" count="2" type="stmt"/>
        <line num="23" count="2" type="stmt"/>
        <line num="25" count="2" type="stmt"/>
        <line num="59" count="1" type="stmt"/>
      </file>
      <file name="PinList.js" path="/Users/daniellaasapokhai/Desktop/Team-Aqua/components/PinList.js">
        <metrics statements="14" coveredstatements="2" conditionals="6" coveredconditionals="0" methods="4" coveredmethods="0"/>
        <line num="15" count="1" type="stmt"/>
        <line num="16" count="0" type="stmt"/>
        <line num="17" count="0" type="stmt"/>
        <line num="18" count="0" type="cond" truecount="0" falsecount="2"/>
        <line num="19" count="0" type="cond" truecount="0" falsecount="2"/>
        <line num="20" count="0" type="stmt"/>
        <line num="23" count="0" type="stmt"/>
        <line num="27" count="0" type="stmt"/>
        <line num="28" count="0" type="stmt"/>
        <line num="48" count="0" type="stmt"/>
        <line num="51" count="0" type="stmt"/>
        <line num="57" count="0" type="stmt"/>
        <line num="58" count="0" type="stmt"/>
        <line num="77" count="1" type="stmt"/>
      </file>
      <file name="Rate.js" path="/Users/daniellaasapokhai/Desktop/Team-Aqua/components/Rate.js">
        <metrics statements="3" coveredstatements="3" conditionals="2" coveredconditionals="1" methods="1" coveredmethods="1"/>
        <line num="5" count="1" type="stmt"/>
        <line num="6" count="2" type="stmt"/>
        <line num="7" count="2" type="stmt"/>
      </file>
      <file name="RateList.js" path="/Users/daniellaasapokhai/Desktop/Team-Aqua/components/RateList.js">
        <metrics statements="5" coveredstatements="4" conditionals="2" coveredconditionals="0" methods="2" coveredmethods="1"/>
        <line num="6" count="1" type="stmt"/>
        <line num="7" count="2" type="stmt"/>
        <line num="8" count="2" type="stmt"/>
        <line num="11" count="0" type="stmt"/>
        <line num="33" count="1" type="stmt"/>
      </file>
      <file name="RateModal.js" path="/Users/daniellaasapokhai/Desktop/Team-Aqua/components/RateModal.js">
        <metrics statements="24" coveredstatements="2" conditionals="2" coveredconditionals="0" methods="9" coveredmethods="0"/>
        <line num="22" count="1" type="stmt"/>
        <line num="23" count="0" type="stmt"/>
        <line num="24" count="0" type="stmt"/>
        <line num="25" count="0" type="stmt"/>
        <line num="27" count="0" type="stmt"/>
        <line num="35" count="0" type="stmt"/>
        <line num="36" count="0" type="stmt"/>
        <line num="39" count="0" type="stmt"/>
        <line num="40" count="0" type="stmt"/>
        <line num="41" count="0" type="stmt"/>
        <line num="44" count="0" type="stmt"/>
        <line num="45" count="0" type="stmt"/>
        <line num="47" count="0" type="stmt"/>
        <line num="51" count="0" type="stmt"/>
        <line num="58" count="0" type="stmt"/>
        <line num="60" count="0" type="stmt"/>
        <line num="64" count="0" type="cond" truecount="0" falsecount="2"/>
        <line num="69" count="0" type="stmt"/>
        <line num="75" count="0" type="stmt"/>
        <line num="76" count="0" type="stmt"/>
        <line num="80" count="0" type="stmt"/>
        <line num="87" count="0" type="stmt"/>
        <line num="96" count="0" type="stmt"/>
        <line num="124" count="1" type="stmt"/>
      </file>
      <file name="RatingBar.js" path="/Users/daniellaasapokhai/Desktop/Team-Aqua/components/RatingBar.js">
        <metrics statements="10" coveredstatements="2" conditionals="2" coveredconditionals="0" methods="4" coveredmethods="0"/>
        <line num="17" count="1" type="stmt"/>
        <line num="24" count="0" type="stmt"/>
        <line num="28" count="0" type="stmt"/>
        <line num="31" count="0" type="stmt"/>
        <line num="33" count="0" type="stmt"/>
        <line num="34" count="0" type="stmt"/>
        <line num="37" count="0" type="stmt"/>
        <line num="41" count="0" type="stmt"/>
        <line num="57" count="0" type="stmt"/>
        <line num="75" count="1" type="stmt"/>
      </file>
      <file name="RatingBarAvg.js" path="/Users/daniellaasapokhai/Desktop/Team-Aqua/components/RatingBarAvg.js">
        <metrics statements="9" coveredstatements="9" conditionals="2" coveredconditionals="1" methods="3" coveredmethods="3"/>
        <line num="17" count="1" type="stmt"/>
        <line num="24" count="2" type="stmt"/>
        <line num="28" count="2" type="stmt"/>
        <line num="31" count="2" type="stmt"/>
        <line num="33" count="2" type="stmt"/>
        <line num="34" count="3" type="stmt"/>
        <line num="37" count="15" type="stmt"/>
        <line num="52" count="2" type="stmt"/>
        <line num="66" count="1" type="stmt"/>
      </file>
      <file name="RatingBarList.js" path="/Users/daniellaasapokhai/Desktop/Team-Aqua/components/RatingBarList.js">
        <metrics statements="9" coveredstatements="2" conditionals="2" coveredconditionals="0" methods="3" coveredmethods="0"/>
        <line num="17" count="1" type="stmt"/>
        <line num="24" count="0" type="stmt"/>
        <line num="28" count="0" type="stmt"/>
        <line num="31" count="0" type="stmt"/>
        <line num="33" count="0" type="stmt"/>
        <line num="34" count="0" type="stmt"/>
        <line num="37" count="0" type="stmt"/>
        <line num="52" count="0" type="stmt"/>
        <line num="66" count="1" type="stmt"/>
      </file>
      <file name="SelectImage.js" path="/Users/daniellaasapokhai/Desktop/Team-Aqua/components/SelectImage.js">
        <metrics statements="13" coveredstatements="8" conditionals="10" coveredconditionals="3" methods="4" coveredmethods="3"/>
        <line num="14" count="5" type="stmt"/>
        <line num="15" count="2" type="stmt"/>
        <line num="16" count="2" type="stmt"/>
        <line num="17" count="2" type="cond" truecount="1" falsecount="1"/>
        <line num="20" count="2" type="stmt"/>
        <line num="21" count="0" type="cond" truecount="0" falsecount="2"/>
        <line num="22" count="0" type="stmt"/>
        <line num="28" count="2" type="stmt"/>
        <line num="29" count="0" type="stmt"/>
        <line num="36" count="0" type="cond" truecount="0" falsecount="2"/>
        <line num="37" count="0" type="stmt"/>
        <line num="41" count="2" type="stmt"/>
        <line num="57" count="5" type="stmt"/>
      </file>
      <file name="SignInModal.js" path="/Users/daniellaasapokhai/Desktop/Team-Aqua/components/SignInModal.js">
        <metrics statements="27" coveredstatements="10" conditionals="12" coveredconditionals="3" methods="11" coveredmethods="3"/>
        <line num="18" count="3" type="stmt"/>
        <line num="36" count="3" type="stmt"/>
        <line num="37" count="3" type="stmt"/>
        <line num="38" count="3" type="stmt"/>
        <line num="39" count="3" type="stmt"/>
        <line num="41" count="3" type="stmt"/>
        <line num="42" count="0" type="cond" truecount="0" falsecount="2"/>
        <line num="43" count="0" type="stmt"/>
        <line num="47" count="0" type="stmt"/>
        <line num="48" count="0" type="stmt"/>
        <line num="53" count="0" type="stmt"/>
        <line num="64" count="0" type="cond" truecount="0" falsecount="2"/>
        <line num="65" count="0" type="stmt"/>
        <line num="67" count="0" type="stmt"/>
        <line num="71" count="0" type="stmt"/>
        <line num="75" count="0" type="stmt"/>
        <line num="78" count="0" type="cond" truecount="0" falsecount="2"/>
        <line num="79" count="0" type="stmt"/>
        <line num="80" count="0" type="cond" truecount="0" falsecount="2"/>
        <line num="81" count="0" type="stmt"/>
        <line num="83" count="0" type="stmt"/>
        <line num="89" count="3" type="stmt"/>
        <line num="94" count="1" type="stmt"/>
        <line num="102" count="0" type="stmt"/>
        <line num="142" count="1" type="stmt"/>
        <line num="199" count="0" type="stmt"/>
        <line num="213" count="3" type="stmt"/>
      </file>
      <file name="UserInput.js" path="/Users/daniellaasapokhai/Desktop/Team-Aqua/components/UserInput.js">
        <metrics statements="25" coveredstatements="13" conditionals="12" coveredconditionals="6" methods="9" coveredmethods="5"/>
        <line num="10" count="3" type="stmt"/>
        <line num="11" count="6" type="stmt"/>
        <line num="12" count="6" type="stmt"/>
        <line num="13" count="6" type="stmt"/>
        <line num="14" count="6" type="stmt"/>
        <line num="16" count="6" type="stmt"/>
        <line num="17" count="3" type="stmt"/>
        <line num="18" count="3" type="stmt"/>
        <line num="19" count="0" type="cond" truecount="0" falsecount="2"/>
        <line num="20" count="0" type="stmt"/>
        <line num="22" count="0" type="stmt"/>
        <line num="23" count="0" type="stmt"/>
        <line num="27" count="6" type="stmt"/>
        <line num="28" count="0" type="stmt"/>
        <line num="29" count="0" type="stmt"/>
        <line num="30" count="0" type="stmt"/>
        <line num="36" count="0" type="stmt"/>
        <line num="39" count="6" type="stmt"/>
        <line num="62" count="0" type="stmt"/>
        <line num="70" count="1" type="stmt"/>
        <line num="79" count="1" type="stmt"/>
        <line num="95" count="0" type="stmt"/>
        <line num="104" count="0" type="stmt"/>
        <line num="105" count="0" type="stmt"/>
        <line num="119" count="3" type="stmt"/>
      </file>
    </package>
    <package name="Team-Aqua.components.Forms">
      <metrics statements="23" coveredstatements="15" conditionals="13" coveredconditionals="9" methods="11" coveredmethods="6"/>
      <file name="Form.js" path="/Users/daniellaasapokhai/Desktop/Team-Aqua/components/Forms/Form.js">
        <metrics statements="2" coveredstatements="2" conditionals="0" coveredconditionals="0" methods="2" coveredmethods="2"/>
        <line num="10" count="5" type="stmt"/>
        <line num="16" count="9" type="stmt"/>
      </file>
      <file name="FormButton.js" path="/Users/daniellaasapokhai/Desktop/Team-Aqua/components/Forms/FormButton.js">
        <metrics statements="4" coveredstatements="4" conditionals="3" coveredconditionals="1" methods="1" coveredmethods="1"/>
        <line num="8" count="9" type="stmt"/>
        <line num="9" count="9" type="cond" truecount="1" falsecount="1"/>
        <line num="11" count="9" type="stmt"/>
        <line num="21" count="5" type="stmt"/>
      </file>
      <file name="FormErrorMessage.js" path="/Users/daniellaasapokhai/Desktop/Team-Aqua/components/Forms/FormErrorMessage.js">
        <metrics statements="4" coveredstatements="4" conditionals="4" coveredconditionals="4" methods="1" coveredmethods="1"/>
        <line num="7" count="25" type="cond" truecount="4" falsecount="0"/>
        <line num="8" count="21" type="stmt"/>
        <line num="11" count="4" type="stmt"/>
        <line num="14" count="5" type="stmt"/>
      </file>
      <file name="FormField.js" path="/Users/daniellaasapokhai/Desktop/Team-Aqua/components/Forms/FormField.js">
        <metrics statements="4" coveredstatements="2" conditionals="0" coveredconditionals="0" methods="3" coveredmethods="1"/>
        <line num="14" count="20" type="stmt"/>
        <line num="16" count="20" type="stmt"/>
        <line num="20" count="0" type="stmt"/>
        <line num="21" count="0" type="stmt"/>
      </file>
      <file name="FormSwitch.js" path="/Users/daniellaasapokhai/Desktop/Team-Aqua/components/Forms/FormSwitch.js">
        <metrics statements="7" coveredstatements="1" conditionals="1" coveredconditionals="0" methods="3" coveredmethods="0"/>
        <line num="7" count="0" type="cond" truecount="0" falsecount="1"/>
        <line num="8" count="0" type="stmt"/>
        <line num="9" count="0" type="stmt"/>
        <line num="10" count="0" type="stmt"/>
        <line num="16" count="0" type="stmt"/>
        <line num="17" count="0" type="stmt"/>
        <line num="25" count="5" type="stmt"/>
      </file>
      <file name="FormTextInput.js" path="/Users/daniellaasapokhai/Desktop/Team-Aqua/components/Forms/FormTextInput.js">
        <metrics statements="2" coveredstatements="2" conditionals="5" coveredconditionals="4" methods="1" coveredmethods="1"/>
        <line num="14" count="20" type="stmt"/>
        <line num="43" count="5" type="stmt"/>
      </file>
      <file name="colors.js" path="/Users/daniellaasapokhai/Desktop/Team-Aqua/components/Forms/colors.js">
        <metrics statements="0" coveredstatements="0" conditionals="0" coveredconditionals="0" methods="0" coveredmethods="0"/>
      </file>
    </package>
  </project>
</coverage>
