{"/Users/seunghyunchoi/Codes/GitHub/TheSpot/firebase.js": {"path":"/Users/seunghyunchoi/Codes/GitHub/TheSpot/firebase.js","statementMap":{"0":{"start":{"line":5,"column":23},"end":{"line":14,"column":1}},"1":{"start":{"line":16,"column":0},"end":{"line":18,"column":1}},"2":{"start":{"line":17,"column":2},"end":{"line":17,"column":41}}},"fnMap":{},"branchMap":{"0":{"loc":{"start":{"line":16,"column":0},"end":{"line":18,"column":1}},"type":"if","locations":[{"start":{"line":16,"column":0},"end":{"line":18,"column":1}},{"start":{"line":16,"column":0},"end":{"line":18,"column":1}}],"line":16}},"s":{"0":3,"1":3,"2":3},"f":{},"b":{"0":[3,0]},"_coverageSchema":"1a1c01bbd47fc00a2c39e90264f33305004495a9","hash":"387997d6e422266ddba6620269d5acf4dce9d26e"}
,"/Users/seunghyunchoi/Codes/GitHub/TheSpot/assets/icons8-marker.png": {"path":"/Users/seunghyunchoi/Codes/GitHub/TheSpot/assets/icons8-marker.png","statementMap":{"0":{"start":{"line":1,"column":0},"end":{"line":1,"column":19}}},"fnMap":{},"branchMap":{},"s":{"0":3},"f":{},"b":{},"inputSourceMap":null,"_coverageSchema":"1a1c01bbd47fc00a2c39e90264f33305004495a9","hash":"d96e9948228b3f228ea326640e9677e5af515d36"}
,"/Users/seunghyunchoi/Codes/GitHub/TheSpot/components/Directions.js": {"path":"/Users/seunghyunchoi/Codes/GitHub/TheSpot/components/Directions.js","statementMap":{"0":{"start":{"line":7,"column":19},"end":{"line":29,"column":1}},"1":{"start":{"line":9,"column":20},"end":{"line":17,"column":5}},"2":{"start":{"line":10,"column":25},"end":{"line":13,"column":9}},"3":{"start":{"line":14,"column":30},"end":{"line":14,"column":33}},"4":{"start":{"line":16,"column":8},"end":{"line":16,"column":87}},"5":{"start":{"line":16,"column":69},"end":{"line":16,"column":85}},"6":{"start":{"line":19,"column":4},"end":{"line":27,"column":6}}},"fnMap":{"0":{"name":"(anonymous_0)","decl":{"start":{"line":7,"column":19},"end":{"line":7,"column":20}},"loc":{"start":{"line":7,"column":36},"end":{"line":29,"column":1}},"line":7},"1":{"name":"(anonymous_1)","decl":{"start":{"line":9,"column":20},"end":{"line":9,"column":21}},"loc":{"start":{"line":9,"column":26},"end":{"line":17,"column":5}},"line":9},"2":{"name":"(anonymous_2)","decl":{"start":{"line":16,"column":61},"end":{"line":16,"column":62}},"loc":{"start":{"line":16,"column":68},"end":{"line":16,"column":86}},"line":16}},"branchMap":{},"s":{"0":2,"1":2,"2":0,"3":0,"4":0,"5":0,"6":2},"f":{"0":2,"1":0,"2":0},"b":{},"_coverageSchema":"1a1c01bbd47fc00a2c39e90264f33305004495a9","hash":"26f445d60ea549ceb2284e52c5fed9f44fe5fe35"}
,"/Users/seunghyunchoi/Codes/GitHub/TheSpot/components/Form.js": {"path":"/Users/seunghyunchoi/Codes/GitHub/TheSpot/components/Form.js","statementMap":{"0":{"start":{"line":8,"column":13},"end":{"line":8,"column":33}},"1":{"start":{"line":8,"column":22},"end":{"line":8,"column":33}},"2":{"start":{"line":10,"column":0},"end":{"line":10,"column":23}},"3":{"start":{"line":11,"column":0},"end":{"line":11,"column":25}},"4":{"start":{"line":12,"column":0},"end":{"line":12,"column":37}},"5":{"start":{"line":13,"column":0},"end":{"line":13,"column":25}}},"fnMap":{"0":{"name":"(anonymous_0)","decl":{"start":{"line":8,"column":13},"end":{"line":8,"column":14}},"loc":{"start":{"line":8,"column":22},"end":{"line":8,"column":33}},"line":8}},"branchMap":{},"s":{"0":3,"1":3,"2":3,"3":3,"4":3,"5":3},"f":{"0":3},"b":{},"_coverageSchema":"1a1c01bbd47fc00a2c39e90264f33305004495a9","hash":"315ff1d260e679575ad3f474bbecb44317f2db77"}
,"/Users/seunghyunchoi/Codes/GitHub/TheSpot/components/InputModal.js": {"path":"/Users/seunghyunchoi/Codes/GitHub/TheSpot/components/InputModal.js","statementMap":{"0":{"start":{"line":20,"column":19},"end":{"line":171,"column":1}},"1":{"start":{"line":28,"column":28},"end":{"line":28,"column":42}},"2":{"start":{"line":29,"column":38},"end":{"line":29,"column":53}},"3":{"start":{"line":30,"column":28},"end":{"line":30,"column":40}},"4":{"start":{"line":32,"column":27},"end":{"line":39,"column":4}},"5":{"start":{"line":41,"column":27},"end":{"line":59,"column":3}},"6":{"start":{"line":42,"column":17},"end":{"line":42,"column":49}},"7":{"start":{"line":43,"column":4},"end":{"line":58,"column":7}},"8":{"start":{"line":44,"column":23},"end":{"line":44,"column":39}},"9":{"start":{"line":45,"column":19},"end":{"line":45,"column":40}},"10":{"start":{"line":46,"column":21},"end":{"line":46,"column":59}},"11":{"start":{"line":47,"column":6},"end":{"line":57,"column":8}},"12":{"start":{"line":51,"column":10},"end":{"line":51,"column":19}},"13":{"start":{"line":54,"column":22},"end":{"line":54,"column":64}},"14":{"start":{"line":55,"column":10},"end":{"line":55,"column":19}},"15":{"start":{"line":61,"column":27},"end":{"line":63,"column":3}},"16":{"start":{"line":62,"column":4},"end":{"line":62,"column":56}},"17":{"start":{"line":65,"column":23},"end":{"line":94,"column":3}},"18":{"start":{"line":66,"column":4},"end":{"line":66,"column":26}},"19":{"start":{"line":68,"column":35},"end":{"line":68,"column":41}},"20":{"start":{"line":69,"column":22},"end":{"line":69,"column":51}},"21":{"start":{"line":70,"column":15},"end":{"line":70,"column":33}},"22":{"start":{"line":71,"column":16},"end":{"line":71,"column":75}},"23":{"start":{"line":72,"column":17},"end":{"line":72,"column":77}},"24":{"start":{"line":73,"column":16},"end":{"line":80,"column":5}},"25":{"start":{"line":82,"column":4},"end":{"line":93,"column":9}},"26":{"start":{"line":86,"column":8},"end":{"line":88,"column":34}},"27":{"start":{"line":91,"column":8},"end":{"line":91,"column":32}},"28":{"start":{"line":92,"column":8},"end":{"line":92,"column":27}},"29":{"start":{"line":96,"column":2},"end":{"line":170,"column":4}},"30":{"start":{"line":104,"column":29},"end":{"line":104,"column":50}},"31":{"start":{"line":113,"column":16},"end":{"line":117,"column":17}},"32":{"start":{"line":114,"column":18},"end":{"line":114,"column":39}},"33":{"start":{"line":116,"column":18},"end":{"line":116,"column":38}},"34":{"start":{"line":151,"column":20},"end":{"line":151,"column":39}},"35":{"start":{"line":173,"column":15},"end":{"line":179,"column":2}}},"fnMap":{"0":{"name":"(anonymous_0)","decl":{"start":{"line":20,"column":19},"end":{"line":20,"column":20}},"loc":{"start":{"line":27,"column":6},"end":{"line":171,"column":1}},"line":27},"1":{"name":"(anonymous_1)","decl":{"start":{"line":41,"column":27},"end":{"line":41,"column":28}},"loc":{"start":{"line":41,"column":42},"end":{"line":59,"column":3}},"line":41},"2":{"name":"(anonymous_2)","decl":{"start":{"line":43,"column":23},"end":{"line":43,"column":24}},"loc":{"start":{"line":43,"column":43},"end":{"line":58,"column":5}},"line":43},"3":{"name":"(anonymous_3)","decl":{"start":{"line":49,"column":8},"end":{"line":49,"column":9}},"loc":{"start":{"line":49,"column":22},"end":{"line":49,"column":24}},"line":49},"4":{"name":"(anonymous_4)","decl":{"start":{"line":50,"column":8},"end":{"line":50,"column":9}},"loc":{"start":{"line":50,"column":17},"end":{"line":52,"column":9}},"line":50},"5":{"name":"(anonymous_5)","decl":{"start":{"line":53,"column":8},"end":{"line":53,"column":9}},"loc":{"start":{"line":53,"column":20},"end":{"line":56,"column":9}},"line":53},"6":{"name":"(anonymous_6)","decl":{"start":{"line":61,"column":27},"end":{"line":61,"column":28}},"loc":{"start":{"line":61,"column":33},"end":{"line":63,"column":3}},"line":61},"7":{"name":"(anonymous_7)","decl":{"start":{"line":65,"column":23},"end":{"line":65,"column":24}},"loc":{"start":{"line":65,"column":41},"end":{"line":94,"column":3}},"line":65},"8":{"name":"(anonymous_8)","decl":{"start":{"line":85,"column":17},"end":{"line":85,"column":18}},"loc":{"start":{"line":85,"column":28},"end":{"line":89,"column":7}},"line":85},"9":{"name":"(anonymous_9)","decl":{"start":{"line":90,"column":13},"end":{"line":90,"column":14}},"loc":{"start":{"line":90,"column":24},"end":{"line":93,"column":7}},"line":90},"10":{"name":"(anonymous_10)","decl":{"start":{"line":104,"column":23},"end":{"line":104,"column":24}},"loc":{"start":{"line":104,"column":29},"end":{"line":104,"column":50}},"line":104},"11":{"name":"(anonymous_11)","decl":{"start":{"line":112,"column":24},"end":{"line":112,"column":25}},"loc":{"start":{"line":112,"column":36},"end":{"line":118,"column":15}},"line":112},"12":{"name":"(anonymous_12)","decl":{"start":{"line":150,"column":27},"end":{"line":150,"column":28}},"loc":{"start":{"line":150,"column":33},"end":{"line":152,"column":19}},"line":150}},"branchMap":{"0":{"loc":{"start":{"line":86,"column":8},"end":{"line":88,"column":33}},"type":"cond-expr","locations":[{"start":{"line":87,"column":12},"end":{"line":87,"column":70}},{"start":{"line":88,"column":12},"end":{"line":88,"column":33}}],"line":86},"1":{"loc":{"start":{"line":98,"column":5},"end":{"line":168,"column":12}},"type":"cond-expr","locations":[{"start":{"line":99,"column":6},"end":{"line":167,"column":21}},{"start":{"line":168,"column":8},"end":{"line":168,"column":12}}],"line":98},"2":{"loc":{"start":{"line":113,"column":16},"end":{"line":117,"column":17}},"type":"if","locations":[{"start":{"line":113,"column":16},"end":{"line":117,"column":17}},{"start":{"line":113,"column":16},"end":{"line":117,"column":17}}],"line":113},"3":{"loc":{"start":{"line":121,"column":15},"end":{"line":133,"column":22}},"type":"cond-expr","locations":[{"start":{"line":122,"column":16},"end":{"line":132,"column":23}},{"start":{"line":133,"column":18},"end":{"line":133,"column":22}}],"line":121}},"s":{"0":3,"1":3,"2":3,"3":3,"4":3,"5":3,"6":0,"7":0,"8":0,"9":0,"10":0,"11":0,"12":0,"13":0,"14":0,"15":3,"16":0,"17":3,"18":0,"19":0,"20":0,"21":0,"22":0,"23":0,"24":0,"25":0,"26":0,"27":0,"28":0,"29":3,"30":3,"31":0,"32":0,"33":0,"34":0,"35":3},"f":{"0":3,"1":0,"2":0,"3":0,"4":0,"5":0,"6":0,"7":0,"8":0,"9":0,"10":3,"11":0,"12":0},"b":{"0":[0,0],"1":[3,0],"2":[0,0],"3":[0,3]},"_coverageSchema":"1a1c01bbd47fc00a2c39e90264f33305004495a9","hash":"edbeb69f6284825379fca6d216a93246ecdcf655"}
,"/Users/seunghyunchoi/Codes/GitHub/TheSpot/components/ModalPopUp.js": {"path":"/Users/seunghyunchoi/Codes/GitHub/TheSpot/components/ModalPopUp.js","statementMap":{"0":{"start":{"line":21,"column":19},"end":{"line":71,"column":1}},"1":{"start":{"line":28,"column":12},"end":{"line":28,"column":16}},"2":{"start":{"line":29,"column":13},"end":{"line":29,"column":17}},"3":{"start":{"line":31,"column":2},"end":{"line":51,"column":3}},"4":{"start":{"line":32,"column":4},"end":{"line":36,"column":5}},"5":{"start":{"line":33,"column":6},"end":{"line":35,"column":7}},"6":{"start":{"line":34,"column":8},"end":{"line":34,"column":39}},"7":{"start":{"line":37,"column":9},"end":{"line":51,"column":3}},"8":{"start":{"line":38,"column":4},"end":{"line":38,"column":13}},"9":{"start":{"line":39,"column":4},"end":{"line":50,"column":5}},"10":{"start":{"line":40,"column":6},"end":{"line":49,"column":7}},"11":{"start":{"line":48,"column":8},"end":{"line":48,"column":43}},"12":{"start":{"line":53,"column":2},"end":{"line":70,"column":4}},"13":{"start":{"line":59,"column":10},"end":{"line":59,"column":33}},"14":{"start":{"line":73,"column":15},"end":{"line":97,"column":2}}},"fnMap":{"0":{"name":"(anonymous_0)","decl":{"start":{"line":21,"column":19},"end":{"line":21,"column":20}},"loc":{"start":{"line":27,"column":6},"end":{"line":71,"column":1}},"line":27},"1":{"name":"(anonymous_1)","decl":{"start":{"line":58,"column":17},"end":{"line":58,"column":18}},"loc":{"start":{"line":58,"column":23},"end":{"line":60,"column":9}},"line":58}},"branchMap":{"0":{"loc":{"start":{"line":31,"column":2},"end":{"line":51,"column":3}},"type":"if","locations":[{"start":{"line":31,"column":2},"end":{"line":51,"column":3}},{"start":{"line":31,"column":2},"end":{"line":51,"column":3}}],"line":31},"1":{"loc":{"start":{"line":33,"column":6},"end":{"line":35,"column":7}},"type":"if","locations":[{"start":{"line":33,"column":6},"end":{"line":35,"column":7}},{"start":{"line":33,"column":6},"end":{"line":35,"column":7}}],"line":33},"2":{"loc":{"start":{"line":37,"column":9},"end":{"line":51,"column":3}},"type":"if","locations":[{"start":{"line":37,"column":9},"end":{"line":51,"column":3}},{"start":{"line":37,"column":9},"end":{"line":51,"column":3}}],"line":37},"3":{"loc":{"start":{"line":40,"column":6},"end":{"line":49,"column":7}},"type":"if","locations":[{"start":{"line":40,"column":6},"end":{"line":49,"column":7}},{"start":{"line":40,"column":6},"end":{"line":49,"column":7}}],"line":40},"4":{"loc":{"start":{"line":41,"column":8},"end":{"line":46,"column":38}},"type":"binary-expr","locations":[{"start":{"line":41,"column":8},"end":{"line":43,"column":38}},{"start":{"line":44,"column":8},"end":{"line":46,"column":38}}],"line":41},"5":{"loc":{"start":{"line":63,"column":9},"end":{"line":67,"column":9}},"type":"cond-expr","locations":[{"start":{"line":64,"column":10},"end":{"line":64,"column":34}},{"start":{"line":66,"column":10},"end":{"line":66,"column":32}}],"line":63}},"s":{"0":1,"1":0,"2":0,"3":0,"4":0,"5":0,"6":0,"7":0,"8":0,"9":0,"10":0,"11":0,"12":0,"13":0,"14":1},"f":{"0":0,"1":0},"b":{"0":[0,0],"1":[0,0],"2":[0,0],"3":[0,0],"4":[0,0],"5":[0,0]},"_coverageSchema":"1a1c01bbd47fc00a2c39e90264f33305004495a9","hash":"be55789155a5e3488450c999e18e974159a376e1"}
,"/Users/seunghyunchoi/Codes/GitHub/TheSpot/components/PinDetails.js": {"path":"/Users/seunghyunchoi/Codes/GitHub/TheSpot/components/PinDetails.js","statementMap":{"0":{"start":{"line":7,"column":19},"end":{"line":22,"column":1}},"1":{"start":{"line":8,"column":42},"end":{"line":8,"column":57}},"2":{"start":{"line":9,"column":2},"end":{"line":21,"column":4}},"3":{"start":{"line":24,"column":15},"end":{"line":41,"column":2}}},"fnMap":{"0":{"name":"(anonymous_0)","decl":{"start":{"line":7,"column":19},"end":{"line":7,"column":20}},"loc":{"start":{"line":7,"column":32},"end":{"line":22,"column":1}},"line":7},"1":{"name":"(anonymous_1)","decl":{"start":{"line":12,"column":13},"end":{"line":12,"column":14}},"loc":{"start":{"line":12,"column":19},"end":{"line":13,"column":5}},"line":12}},"branchMap":{},"s":{"0":2,"1":2,"2":2,"3":2},"f":{"0":2,"1":0},"b":{},"_coverageSchema":"1a1c01bbd47fc00a2c39e90264f33305004495a9","hash":"c88c44035b87b16378c7f933faf16935602987a5"}
,"/Users/seunghyunchoi/Codes/GitHub/TheSpot/components/PinList.js": {"path":"/Users/seunghyunchoi/Codes/GitHub/TheSpot/components/PinList.js","statementMap":{"0":{"start":{"line":15,"column":16},"end":{"line":68,"column":1}},"1":{"start":{"line":16,"column":38},"end":{"line":16,"column":52}},"2":{"start":{"line":17,"column":40},"end":{"line":17,"column":54}},"3":{"start":{"line":18,"column":2},"end":{"line":67,"column":3}},"4":{"start":{"line":19,"column":4},"end":{"line":42,"column":5}},"5":{"start":{"line":20,"column":6},"end":{"line":39,"column":8}},"6":{"start":{"line":23,"column":12},"end":{"line":36,"column":31}},"7":{"start":{"line":27,"column":16},"end":{"line":27,"column":36}},"8":{"start":{"line":28,"column":16},"end":{"line":28,"column":37}},"9":{"start":{"line":41,"column":6},"end":{"line":41,"column":65}},"10":{"start":{"line":44,"column":4},"end":{"line":66,"column":6}},"11":{"start":{"line":50,"column":14},"end":{"line":50,"column":35}},"12":{"start":{"line":51,"column":14},"end":{"line":51,"column":34}},"13":{"start":{"line":70,"column":15},"end":{"line":106,"column":2}}},"fnMap":{"0":{"name":"(anonymous_0)","decl":{"start":{"line":15,"column":16},"end":{"line":15,"column":17}},"loc":{"start":{"line":15,"column":30},"end":{"line":68,"column":1}},"line":15},"1":{"name":"(anonymous_1)","decl":{"start":{"line":22,"column":20},"end":{"line":22,"column":21}},"loc":{"start":{"line":23,"column":12},"end":{"line":36,"column":31}},"line":23},"2":{"name":"(anonymous_2)","decl":{"start":{"line":26,"column":23},"end":{"line":26,"column":24}},"loc":{"start":{"line":26,"column":29},"end":{"line":29,"column":15}},"line":26},"3":{"name":"(anonymous_3)","decl":{"start":{"line":49,"column":21},"end":{"line":49,"column":22}},"loc":{"start":{"line":49,"column":27},"end":{"line":52,"column":13}},"line":49}},"branchMap":{"0":{"loc":{"start":{"line":18,"column":2},"end":{"line":67,"column":3}},"type":"if","locations":[{"start":{"line":18,"column":2},"end":{"line":67,"column":3}},{"start":{"line":18,"column":2},"end":{"line":67,"column":3}}],"line":18},"1":{"loc":{"start":{"line":19,"column":4},"end":{"line":42,"column":5}},"type":"if","locations":[{"start":{"line":19,"column":4},"end":{"line":42,"column":5}},{"start":{"line":19,"column":4},"end":{"line":42,"column":5}}],"line":19}},"s":{"0":2,"1":2,"2":2,"3":2,"4":2,"5":1,"6":1,"7":0,"8":0,"9":1,"10":0,"11":0,"12":0,"13":2},"f":{"0":2,"1":1,"2":0,"3":0},"b":{"0":[2,0],"1":[1,1]},"_coverageSchema":"1a1c01bbd47fc00a2c39e90264f33305004495a9","hash":"79e2f6162d5688c0585e511816ae8533506c476e"}
,"/Users/seunghyunchoi/Codes/GitHub/TheSpot/components/SelectImage.js": {"path":"/Users/seunghyunchoi/Codes/GitHub/TheSpot/components/SelectImage.js","statementMap":{"0":{"start":{"line":14,"column":20},"end":{"line":55,"column":1}},"1":{"start":{"line":15,"column":2},"end":{"line":26,"column":9}},"2":{"start":{"line":16,"column":4},"end":{"line":25,"column":9}},"3":{"start":{"line":17,"column":6},"end":{"line":24,"column":7}},"4":{"start":{"line":20,"column":12},"end":{"line":20,"column":65}},"5":{"start":{"line":21,"column":8},"end":{"line":23,"column":9}},"6":{"start":{"line":22,"column":10},"end":{"line":22,"column":77}},"7":{"start":{"line":28,"column":20},"end":{"line":39,"column":3}},"8":{"start":{"line":29,"column":17},"end":{"line":34,"column":6}},"9":{"start":{"line":36,"column":4},"end":{"line":38,"column":5}},"10":{"start":{"line":37,"column":6},"end":{"line":37,"column":27}},"11":{"start":{"line":41,"column":2},"end":{"line":54,"column":4}},"12":{"start":{"line":57,"column":15},"end":{"line":64,"column":2}}},"fnMap":{"0":{"name":"(anonymous_0)","decl":{"start":{"line":14,"column":20},"end":{"line":14,"column":21}},"loc":{"start":{"line":14,"column":45},"end":{"line":55,"column":1}},"line":14},"1":{"name":"(anonymous_1)","decl":{"start":{"line":15,"column":12},"end":{"line":15,"column":13}},"loc":{"start":{"line":15,"column":18},"end":{"line":26,"column":3}},"line":15},"2":{"name":"(anonymous_2)","decl":{"start":{"line":16,"column":5},"end":{"line":16,"column":6}},"loc":{"start":{"line":16,"column":17},"end":{"line":25,"column":5}},"line":16},"3":{"name":"(anonymous_3)","decl":{"start":{"line":28,"column":20},"end":{"line":28,"column":21}},"loc":{"start":{"line":28,"column":32},"end":{"line":39,"column":3}},"line":28}},"branchMap":{"0":{"loc":{"start":{"line":17,"column":6},"end":{"line":24,"column":7}},"type":"if","locations":[{"start":{"line":17,"column":6},"end":{"line":24,"column":7}},{"start":{"line":17,"column":6},"end":{"line":24,"column":7}}],"line":17},"1":{"loc":{"start":{"line":21,"column":8},"end":{"line":23,"column":9}},"type":"if","locations":[{"start":{"line":21,"column":8},"end":{"line":23,"column":9}},{"start":{"line":21,"column":8},"end":{"line":23,"column":9}}],"line":21},"2":{"loc":{"start":{"line":36,"column":4},"end":{"line":38,"column":5}},"type":"if","locations":[{"start":{"line":36,"column":4},"end":{"line":38,"column":5}},{"start":{"line":36,"column":4},"end":{"line":38,"column":5}}],"line":36},"3":{"loc":{"start":{"line":43,"column":7},"end":{"line":45,"column":7}},"type":"binary-expr","locations":[{"start":{"line":43,"column":7},"end":{"line":43,"column":12}},{"start":{"line":44,"column":8},"end":{"line":44,"column":77}}],"line":43},"4":{"loc":{"start":{"line":47,"column":9},"end":{"line":51,"column":9}},"type":"cond-expr","locations":[{"start":{"line":48,"column":10},"end":{"line":48,"column":62}},{"start":{"line":50,"column":10},"end":{"line":50,"column":79}}],"line":47}},"s":{"0":3,"1":3,"2":3,"3":3,"4":3,"5":0,"6":0,"7":3,"8":0,"9":0,"10":0,"11":3,"12":3},"f":{"0":3,"1":3,"2":3,"3":0},"b":{"0":[3,0],"1":[0,0],"2":[0,0],"3":[3,0],"4":[0,3]},"_coverageSchema":"1a1c01bbd47fc00a2c39e90264f33305004495a9","hash":"8993731b34e75e07dc93857c7858e62fe9f83ba7"}
,"/Users/seunghyunchoi/Codes/GitHub/TheSpot/components/UserInput.js": {"path":"/Users/seunghyunchoi/Codes/GitHub/TheSpot/components/UserInput.js","statementMap":{"0":{"start":{"line":8,"column":18},"end":{"line":83,"column":1}},"1":{"start":{"line":9,"column":34},"end":{"line":9,"column":48}},"2":{"start":{"line":10,"column":40},"end":{"line":10,"column":55}},"3":{"start":{"line":12,"column":2},"end":{"line":21,"column":9}},"4":{"start":{"line":13,"column":4},"end":{"line":20,"column":9}},"5":{"start":{"line":14,"column":23},"end":{"line":14,"column":63}},"6":{"start":{"line":15,"column":6},"end":{"line":17,"column":7}},"7":{"start":{"line":16,"column":8},"end":{"line":16,"column":36}},"8":{"start":{"line":18,"column":21},"end":{"line":18,"column":63}},"9":{"start":{"line":19,"column":6},"end":{"line":19,"column":28}},"10":{"start":{"line":23,"column":29},"end":{"line":33,"column":3}},"11":{"start":{"line":24,"column":14},"end":{"line":24,"column":29}},"12":{"start":{"line":25,"column":14},"end":{"line":25,"column":30}},"13":{"start":{"line":26,"column":14},"end":{"line":31,"column":5}},"14":{"start":{"line":32,"column":4},"end":{"line":32,"column":21}},"15":{"start":{"line":35,"column":2},"end":{"line":82,"column":4}},"16":{"start":{"line":50,"column":27},"end":{"line":50,"column":47}},"17":{"start":{"line":61,"column":16},"end":{"line":61,"column":36}},"18":{"start":{"line":70,"column":16},"end":{"line":70,"column":36}},"19":{"start":{"line":71,"column":16},"end":{"line":71,"column":43}},"20":{"start":{"line":85,"column":15},"end":{"line":91,"column":2}}},"fnMap":{"0":{"name":"(anonymous_0)","decl":{"start":{"line":8,"column":18},"end":{"line":8,"column":19}},"loc":{"start":{"line":8,"column":59},"end":{"line":83,"column":1}},"line":8},"1":{"name":"(anonymous_1)","decl":{"start":{"line":12,"column":12},"end":{"line":12,"column":13}},"loc":{"start":{"line":12,"column":18},"end":{"line":21,"column":3}},"line":12},"2":{"name":"(anonymous_2)","decl":{"start":{"line":13,"column":5},"end":{"line":13,"column":6}},"loc":{"start":{"line":13,"column":17},"end":{"line":20,"column":5}},"line":13},"3":{"name":"(anonymous_3)","decl":{"start":{"line":23,"column":29},"end":{"line":23,"column":30}},"loc":{"start":{"line":23,"column":41},"end":{"line":33,"column":3}},"line":23},"4":{"name":"(anonymous_4)","decl":{"start":{"line":50,"column":21},"end":{"line":50,"column":22}},"loc":{"start":{"line":50,"column":27},"end":{"line":50,"column":47}},"line":50},"5":{"name":"(anonymous_5)","decl":{"start":{"line":60,"column":23},"end":{"line":60,"column":24}},"loc":{"start":{"line":60,"column":29},"end":{"line":62,"column":15}},"line":60},"6":{"name":"(anonymous_6)","decl":{"start":{"line":69,"column":23},"end":{"line":69,"column":24}},"loc":{"start":{"line":69,"column":29},"end":{"line":72,"column":15}},"line":69}},"branchMap":{"0":{"loc":{"start":{"line":15,"column":6},"end":{"line":17,"column":7}},"type":"if","locations":[{"start":{"line":15,"column":6},"end":{"line":17,"column":7}},{"start":{"line":15,"column":6},"end":{"line":17,"column":7}}],"line":15},"1":{"loc":{"start":{"line":37,"column":7},"end":{"line":46,"column":14}},"type":"cond-expr","locations":[{"start":{"line":38,"column":8},"end":{"line":45,"column":10}},{"start":{"line":46,"column":10},"end":{"line":46,"column":14}}],"line":37},"2":{"loc":{"start":{"line":48,"column":9},"end":{"line":79,"column":9}},"type":"cond-expr","locations":[{"start":{"line":49,"column":10},"end":{"line":55,"column":29}},{"start":{"line":57,"column":10},"end":{"line":78,"column":27}}],"line":48}},"s":{"0":3,"1":9,"2":9,"3":9,"4":3,"5":3,"6":0,"7":0,"8":0,"9":0,"10":9,"11":0,"12":0,"13":0,"14":0,"15":9,"16":3,"17":0,"18":0,"19":0,"20":3},"f":{"0":9,"1":3,"2":3,"3":0,"4":3,"5":0,"6":0},"b":{"0":[0,0],"1":[3,6],"2":[9,0]},"_coverageSchema":"1a1c01bbd47fc00a2c39e90264f33305004495a9","hash":"4260326dd3c2e27cf58d49588c255de396168d3b"}
,"/Users/seunghyunchoi/Codes/GitHub/TheSpot/components/Forms/Form.js": {"path":"/Users/seunghyunchoi/Codes/GitHub/TheSpot/components/Forms/Form.js","statementMap":{"0":{"start":{"line":10,"column":2},"end":{"line":18,"column":4}},"1":{"start":{"line":16,"column":13},"end":{"line":16,"column":56}}},"fnMap":{"0":{"name":"Form","decl":{"start":{"line":4,"column":24},"end":{"line":4,"column":28}},"loc":{"start":{"line":9,"column":3},"end":{"line":19,"column":1}},"line":9},"1":{"name":"(anonymous_1)","decl":{"start":{"line":16,"column":7},"end":{"line":16,"column":8}},"loc":{"start":{"line":16,"column":13},"end":{"line":16,"column":56}},"line":16}},"branchMap":{},"s":{"0":3,"1":4},"f":{"0":3,"1":4},"b":{},"_coverageSchema":"1a1c01bbd47fc00a2c39e90264f33305004495a9","hash":"2f8cdb052a1c251e6d920055c8dd3a6410f6a5ea"}
,"/Users/seunghyunchoi/Codes/GitHub/TheSpot/components/Forms/FormButton.js": {"path":"/Users/seunghyunchoi/Codes/GitHub/TheSpot/components/Forms/FormButton.js","statementMap":{"0":{"start":{"line":8,"column":35},"end":{"line":8,"column":53}},"1":{"start":{"line":9,"column":15},"end":{"line":9,"column":66}},"2":{"start":{"line":11,"column":2},"end":{"line":18,"column":4}},"3":{"start":{"line":21,"column":15},"end":{"line":36,"column":2}}},"fnMap":{"0":{"name":"FormButton","decl":{"start":{"line":7,"column":24},"end":{"line":7,"column":34}},"loc":{"start":{"line":7,"column":65},"end":{"line":19,"column":1}},"line":7}},"branchMap":{"0":{"loc":{"start":{"line":7,"column":44},"end":{"line":7,"column":61}},"type":"default-arg","locations":[{"start":{"line":7,"column":52},"end":{"line":7,"column":61}}],"line":7},"1":{"loc":{"start":{"line":9,"column":15},"end":{"line":9,"column":66}},"type":"cond-expr","locations":[{"start":{"line":9,"column":45},"end":{"line":9,"column":58}},{"start":{"line":9,"column":61},"end":{"line":9,"column":66}}],"line":9}},"s":{"0":4,"1":4,"2":4,"3":3},"f":{"0":4},"b":{"0":[0],"1":[0,4]},"_coverageSchema":"1a1c01bbd47fc00a2c39e90264f33305004495a9","hash":"b3bec431ecc7d9babb525b3bde5062fd9e6d8bbe"}
,"/Users/seunghyunchoi/Codes/GitHub/TheSpot/components/Forms/FormErrorMessage.js": {"path":"/Users/seunghyunchoi/Codes/GitHub/TheSpot/components/Forms/FormErrorMessage.js","statementMap":{"0":{"start":{"line":7,"column":2},"end":{"line":9,"column":3}},"1":{"start":{"line":8,"column":4},"end":{"line":8,"column":16}},"2":{"start":{"line":11,"column":2},"end":{"line":11,"column":55}},"3":{"start":{"line":14,"column":15},"end":{"line":22,"column":2}}},"fnMap":{"0":{"name":"FormErrorMessage","decl":{"start":{"line":6,"column":24},"end":{"line":6,"column":40}},"loc":{"start":{"line":6,"column":61},"end":{"line":12,"column":1}},"line":6}},"branchMap":{"0":{"loc":{"start":{"line":7,"column":2},"end":{"line":9,"column":3}},"type":"if","locations":[{"start":{"line":7,"column":2},"end":{"line":9,"column":3}},{"start":{"line":7,"column":2},"end":{"line":9,"column":3}}],"line":7},"1":{"loc":{"start":{"line":7,"column":6},"end":{"line":7,"column":24}},"type":"binary-expr","locations":[{"start":{"line":7,"column":6},"end":{"line":7,"column":12}},{"start":{"line":7,"column":16},"end":{"line":7,"column":24}}],"line":7}},"s":{"0":11,"1":11,"2":0,"3":3},"f":{"0":11},"b":{"0":[11,0],"1":[11,0]},"_coverageSchema":"1a1c01bbd47fc00a2c39e90264f33305004495a9","hash":"fdbfa394cc0cccc9fa16db331cbf45d2f5a369eb"}
,"/Users/seunghyunchoi/Codes/GitHub/TheSpot/components/Forms/FormField.js": {"path":"/Users/seunghyunchoi/Codes/GitHub/TheSpot/components/Forms/FormField.js","statementMap":{"0":{"start":{"line":14,"column":6},"end":{"line":14,"column":24}},"1":{"start":{"line":16,"column":2},"end":{"line":27,"column":4}},"2":{"start":{"line":20,"column":30},"end":{"line":20,"column":55}},"3":{"start":{"line":21,"column":22},"end":{"line":21,"column":43}}},"fnMap":{"0":{"name":"FormField","decl":{"start":{"line":7,"column":24},"end":{"line":7,"column":33}},"loc":{"start":{"line":7,"column":66},"end":{"line":28,"column":1}},"line":7},"1":{"name":"(anonymous_1)","decl":{"start":{"line":20,"column":22},"end":{"line":20,"column":23}},"loc":{"start":{"line":20,"column":30},"end":{"line":20,"column":55}},"line":20},"2":{"name":"(anonymous_2)","decl":{"start":{"line":21,"column":16},"end":{"line":21,"column":17}},"loc":{"start":{"line":21,"column":22},"end":{"line":21,"column":43}},"line":21}},"branchMap":{},"s":{"0":8,"1":8,"2":0,"3":0},"f":{"0":8,"1":0,"2":0},"b":{},"_coverageSchema":"1a1c01bbd47fc00a2c39e90264f33305004495a9","hash":"99770952d8c2cfc574f560d06432da73d2f893e9"}
,"/Users/seunghyunchoi/Codes/GitHub/TheSpot/components/Forms/FormSwitch.js": {"path":"/Users/seunghyunchoi/Codes/GitHub/TheSpot/components/Forms/FormSwitch.js","statementMap":{"0":{"start":{"line":7,"column":65},"end":{"line":7,"column":66}},"1":{"start":{"line":8,"column":36},"end":{"line":8,"column":54}},"2":{"start":{"line":9,"column":16},"end":{"line":9,"column":28}},"3":{"start":{"line":10,"column":2},"end":{"line":22,"column":4}},"4":{"start":{"line":16,"column":10},"end":{"line":16,"column":26}},"5":{"start":{"line":17,"column":10},"end":{"line":17,"column":37}},"6":{"start":{"line":25,"column":15},"end":{"line":38,"column":2}}},"fnMap":{"0":{"name":"FormSwitch","decl":{"start":{"line":7,"column":24},"end":{"line":7,"column":34}},"loc":{"start":{"line":7,"column":84},"end":{"line":23,"column":1}},"line":7},"1":{"name":"(anonymous_1)","decl":{"start":{"line":7,"column":60},"end":{"line":7,"column":61}},"loc":{"start":{"line":7,"column":65},"end":{"line":7,"column":66}},"line":7},"2":{"name":"(anonymous_2)","decl":{"start":{"line":15,"column":23},"end":{"line":15,"column":24}},"loc":{"start":{"line":15,"column":34},"end":{"line":18,"column":9}},"line":15}},"branchMap":{"0":{"loc":{"start":{"line":7,"column":49},"end":{"line":7,"column":66}},"type":"default-arg","locations":[{"start":{"line":7,"column":60},"end":{"line":7,"column":66}}],"line":7}},"s":{"0":0,"1":0,"2":0,"3":0,"4":0,"5":0,"6":3},"f":{"0":0,"1":0,"2":0},"b":{"0":[0]},"_coverageSchema":"1a1c01bbd47fc00a2c39e90264f33305004495a9","hash":"292334e5037e8597566a89b683b716fb9b894342"}
,"/Users/seunghyunchoi/Codes/GitHub/TheSpot/components/Forms/FormTextInput.js": {"path":"/Users/seunghyunchoi/Codes/GitHub/TheSpot/components/Forms/FormTextInput.js","statementMap":{"0":{"start":{"line":14,"column":2},"end":{"line":40,"column":4}},"1":{"start":{"line":43,"column":15},"end":{"line":64,"column":2}}},"fnMap":{"0":{"name":"FormTextInput","decl":{"start":{"line":7,"column":24},"end":{"line":7,"column":37}},"loc":{"start":{"line":13,"column":3},"end":{"line":41,"column":1}},"line":13}},"branchMap":{"0":{"loc":{"start":{"line":9,"column":2},"end":{"line":9,"column":16}},"type":"default-arg","locations":[{"start":{"line":9,"column":10},"end":{"line":9,"column":16}}],"line":9},"1":{"loc":{"start":{"line":16,"column":7},"end":{"line":23,"column":7}},"type":"binary-expr","locations":[{"start":{"line":16,"column":7},"end":{"line":16,"column":15}},{"start":{"line":17,"column":8},"end":{"line":22,"column":10}}],"line":16},"2":{"loc":{"start":{"line":29,"column":7},"end":{"line":38,"column":7}},"type":"binary-expr","locations":[{"start":{"line":29,"column":7},"end":{"line":29,"column":16}},{"start":{"line":30,"column":8},"end":{"line":37,"column":27}}],"line":29}},"s":{"0":8,"1":3},"f":{"0":8},"b":{"0":[8],"1":[8,8],"2":[8,0]},"_coverageSchema":"1a1c01bbd47fc00a2c39e90264f33305004495a9","hash":"577ef66d5cfa321f3890a1ec8101dcc93e98a851"}
,"/Users/seunghyunchoi/Codes/GitHub/TheSpot/components/Forms/colors.js": {"path":"/Users/seunghyunchoi/Codes/GitHub/TheSpot/components/Forms/colors.js","statementMap":{},"fnMap":{},"branchMap":{},"s":{},"f":{},"b":{},"_coverageSchema":"1a1c01bbd47fc00a2c39e90264f33305004495a9","hash":"6a0c37db014050b9187dcf7bd9fbe5612a77804f"}
}
