{"/Users/nathanantwan/Team-Aqua/firebase.js": {"path":"/Users/nathanantwan/Team-Aqua/firebase.js","statementMap":{"0":{"start":{"line":5,"column":23},"end":{"line":14,"column":1}},"1":{"start":{"line":16,"column":0},"end":{"line":18,"column":1}},"2":{"start":{"line":17,"column":2},"end":{"line":17,"column":41}}},"fnMap":{},"branchMap":{"0":{"loc":{"start":{"line":16,"column":0},"end":{"line":18,"column":1}},"type":"if","locations":[{"start":{"line":16,"column":0},"end":{"line":18,"column":1}},{"start":{"line":16,"column":0},"end":{"line":18,"column":1}}],"line":16}},"s":{"0":2,"1":2,"2":2},"f":{},"b":{"0":[2,0]},"_coverageSchema":"1a1c01bbd47fc00a2c39e90264f33305004495a9","hash":"c21d55eb1527a8b482402cc211bf0476b6259cc0"}
,"/Users/nathanantwan/Team-Aqua/assets/icons8-marker.png": {"path":"/Users/nathanantwan/Team-Aqua/assets/icons8-marker.png","statementMap":{"0":{"start":{"line":1,"column":0},"end":{"line":1,"column":19}}},"fnMap":{},"branchMap":{},"s":{"0":2},"f":{},"b":{},"inputSourceMap":null,"_coverageSchema":"1a1c01bbd47fc00a2c39e90264f33305004495a9","hash":"8df5efd75978c3e91ab163a8456f2cf6d9ae26a9"}
,"/Users/nathanantwan/Team-Aqua/components/Directions.js": {"path":"/Users/nathanantwan/Team-Aqua/components/Directions.js","statementMap":{"0":{"start":{"line":7,"column":19},"end":{"line":29,"column":1}},"1":{"start":{"line":9,"column":20},"end":{"line":17,"column":5}},"2":{"start":{"line":10,"column":25},"end":{"line":13,"column":9}},"3":{"start":{"line":14,"column":30},"end":{"line":14,"column":33}},"4":{"start":{"line":16,"column":8},"end":{"line":16,"column":87}},"5":{"start":{"line":16,"column":69},"end":{"line":16,"column":85}},"6":{"start":{"line":19,"column":4},"end":{"line":27,"column":6}}},"fnMap":{"0":{"name":"(anonymous_0)","decl":{"start":{"line":7,"column":19},"end":{"line":7,"column":20}},"loc":{"start":{"line":7,"column":36},"end":{"line":29,"column":1}},"line":7},"1":{"name":"(anonymous_1)","decl":{"start":{"line":9,"column":20},"end":{"line":9,"column":21}},"loc":{"start":{"line":9,"column":26},"end":{"line":17,"column":5}},"line":9},"2":{"name":"(anonymous_2)","decl":{"start":{"line":16,"column":61},"end":{"line":16,"column":62}},"loc":{"start":{"line":16,"column":68},"end":{"line":16,"column":86}},"line":16}},"branchMap":{},"s":{"0":1,"1":0,"2":0,"3":0,"4":0,"5":0,"6":0},"f":{"0":0,"1":0,"2":0},"b":{},"_coverageSchema":"1a1c01bbd47fc00a2c39e90264f33305004495a9","hash":"f9bcf019f20619a31d7a3bb0437b847bb27383e6"}
,"/Users/nathanantwan/Team-Aqua/components/Form.js": {"path":"/Users/nathanantwan/Team-Aqua/components/Form.js","statementMap":{"0":{"start":{"line":8,"column":13},"end":{"line":8,"column":33}},"1":{"start":{"line":8,"column":22},"end":{"line":8,"column":33}},"2":{"start":{"line":10,"column":0},"end":{"line":10,"column":23}},"3":{"start":{"line":11,"column":0},"end":{"line":11,"column":25}},"4":{"start":{"line":12,"column":0},"end":{"line":12,"column":37}},"5":{"start":{"line":13,"column":0},"end":{"line":13,"column":25}}},"fnMap":{"0":{"name":"(anonymous_0)","decl":{"start":{"line":8,"column":13},"end":{"line":8,"column":14}},"loc":{"start":{"line":8,"column":22},"end":{"line":8,"column":33}},"line":8}},"branchMap":{},"s":{"0":2,"1":2,"2":2,"3":2,"4":2,"5":2},"f":{"0":2},"b":{},"_coverageSchema":"1a1c01bbd47fc00a2c39e90264f33305004495a9","hash":"2a719928544601d1851d753260fa94a169079103"}
,"/Users/nathanantwan/Team-Aqua/components/InputModal.js": {"path":"/Users/nathanantwan/Team-Aqua/components/InputModal.js","statementMap":{"0":{"start":{"line":11,"column":19},"end":{"line":135,"column":1}},"1":{"start":{"line":12,"column":28},"end":{"line":12,"column":42}},"2":{"start":{"line":13,"column":38},"end":{"line":13,"column":53}},"3":{"start":{"line":14,"column":28},"end":{"line":14,"column":40}},"4":{"start":{"line":16,"column":27},"end":{"line":23,"column":4}},"5":{"start":{"line":25,"column":27},"end":{"line":43,"column":3}},"6":{"start":{"line":26,"column":17},"end":{"line":26,"column":49}},"7":{"start":{"line":27,"column":4},"end":{"line":42,"column":7}},"8":{"start":{"line":28,"column":23},"end":{"line":28,"column":39}},"9":{"start":{"line":29,"column":19},"end":{"line":29,"column":40}},"10":{"start":{"line":30,"column":21},"end":{"line":30,"column":59}},"11":{"start":{"line":31,"column":6},"end":{"line":41,"column":8}},"12":{"start":{"line":35,"column":10},"end":{"line":35,"column":19}},"13":{"start":{"line":38,"column":22},"end":{"line":38,"column":64}},"14":{"start":{"line":39,"column":10},"end":{"line":39,"column":19}},"15":{"start":{"line":45,"column":27},"end":{"line":47,"column":3}},"16":{"start":{"line":46,"column":4},"end":{"line":46,"column":56}},"17":{"start":{"line":49,"column":23},"end":{"line":80,"column":3}},"18":{"start":{"line":50,"column":4},"end":{"line":50,"column":26}},"19":{"start":{"line":51,"column":4},"end":{"line":51,"column":20}},"20":{"start":{"line":52,"column":4},"end":{"line":52,"column":28}},"21":{"start":{"line":53,"column":35},"end":{"line":53,"column":41}},"22":{"start":{"line":54,"column":22},"end":{"line":54,"column":51}},"23":{"start":{"line":55,"column":15},"end":{"line":55,"column":33}},"24":{"start":{"line":56,"column":16},"end":{"line":56,"column":75}},"25":{"start":{"line":57,"column":17},"end":{"line":57,"column":77}},"26":{"start":{"line":58,"column":16},"end":{"line":65,"column":5}},"27":{"start":{"line":66,"column":4},"end":{"line":66,"column":20}},"28":{"start":{"line":68,"column":4},"end":{"line":79,"column":9}},"29":{"start":{"line":72,"column":8},"end":{"line":74,"column":34}},"30":{"start":{"line":77,"column":8},"end":{"line":77,"column":32}},"31":{"start":{"line":78,"column":8},"end":{"line":78,"column":27}},"32":{"start":{"line":82,"column":2},"end":{"line":134,"column":4}},"33":{"start":{"line":86,"column":58},"end":{"line":86,"column":79}},"34":{"start":{"line":94,"column":36},"end":{"line":99,"column":37}},"35":{"start":{"line":95,"column":38},"end":{"line":95,"column":59}},"36":{"start":{"line":98,"column":38},"end":{"line":98,"column":58}},"37":{"start":{"line":121,"column":34},"end":{"line":121,"column":76}},"38":{"start":{"line":137,"column":15},"end":{"line":143,"column":2}}},"fnMap":{"0":{"name":"(anonymous_0)","decl":{"start":{"line":11,"column":19},"end":{"line":11,"column":20}},"loc":{"start":{"line":11,"column":98},"end":{"line":135,"column":1}},"line":11},"1":{"name":"(anonymous_1)","decl":{"start":{"line":25,"column":27},"end":{"line":25,"column":28}},"loc":{"start":{"line":25,"column":42},"end":{"line":43,"column":3}},"line":25},"2":{"name":"(anonymous_2)","decl":{"start":{"line":27,"column":23},"end":{"line":27,"column":24}},"loc":{"start":{"line":27,"column":43},"end":{"line":42,"column":5}},"line":27},"3":{"name":"(anonymous_3)","decl":{"start":{"line":33,"column":8},"end":{"line":33,"column":9}},"loc":{"start":{"line":33,"column":22},"end":{"line":33,"column":24}},"line":33},"4":{"name":"(anonymous_4)","decl":{"start":{"line":34,"column":8},"end":{"line":34,"column":9}},"loc":{"start":{"line":34,"column":17},"end":{"line":36,"column":9}},"line":34},"5":{"name":"(anonymous_5)","decl":{"start":{"line":37,"column":8},"end":{"line":37,"column":9}},"loc":{"start":{"line":37,"column":20},"end":{"line":40,"column":9}},"line":37},"6":{"name":"(anonymous_6)","decl":{"start":{"line":45,"column":27},"end":{"line":45,"column":28}},"loc":{"start":{"line":45,"column":33},"end":{"line":47,"column":3}},"line":45},"7":{"name":"(anonymous_7)","decl":{"start":{"line":49,"column":23},"end":{"line":49,"column":24}},"loc":{"start":{"line":49,"column":41},"end":{"line":80,"column":3}},"line":49},"8":{"name":"(anonymous_8)","decl":{"start":{"line":71,"column":17},"end":{"line":71,"column":18}},"loc":{"start":{"line":71,"column":28},"end":{"line":75,"column":7}},"line":71},"9":{"name":"(anonymous_9)","decl":{"start":{"line":76,"column":13},"end":{"line":76,"column":14}},"loc":{"start":{"line":76,"column":24},"end":{"line":79,"column":7}},"line":76},"10":{"name":"(anonymous_10)","decl":{"start":{"line":86,"column":52},"end":{"line":86,"column":53}},"loc":{"start":{"line":86,"column":58},"end":{"line":86,"column":79}},"line":86},"11":{"name":"(anonymous_11)","decl":{"start":{"line":93,"column":22},"end":{"line":93,"column":23}},"loc":{"start":{"line":93,"column":34},"end":{"line":100,"column":35}},"line":93},"12":{"name":"(anonymous_12)","decl":{"start":{"line":121,"column":28},"end":{"line":121,"column":29}},"loc":{"start":{"line":121,"column":34},"end":{"line":121,"column":76}},"line":121}},"branchMap":{"0":{"loc":{"start":{"line":72,"column":8},"end":{"line":74,"column":33}},"type":"cond-expr","locations":[{"start":{"line":73,"column":12},"end":{"line":73,"column":70}},{"start":{"line":74,"column":12},"end":{"line":74,"column":33}}],"line":72},"1":{"loc":{"start":{"line":94,"column":36},"end":{"line":99,"column":37}},"type":"if","locations":[{"start":{"line":94,"column":36},"end":{"line":99,"column":37}},{"start":{"line":94,"column":36},"end":{"line":99,"column":37}}],"line":94},"2":{"loc":{"start":{"line":104,"column":13},"end":{"line":106,"column":57}},"type":"cond-expr","locations":[{"start":{"line":105,"column":16},"end":{"line":106,"column":50}},{"start":{"line":106,"column":53},"end":{"line":106,"column":57}}],"line":104}},"s":{"0":2,"1":2,"2":2,"3":2,"4":2,"5":2,"6":0,"7":0,"8":0,"9":0,"10":0,"11":0,"12":0,"13":0,"14":0,"15":2,"16":0,"17":2,"18":0,"19":0,"20":0,"21":0,"22":0,"23":0,"24":0,"25":0,"26":0,"27":0,"28":0,"29":0,"30":0,"31":0,"32":2,"33":2,"34":0,"35":0,"36":0,"37":0,"38":2},"f":{"0":2,"1":0,"2":0,"3":0,"4":0,"5":0,"6":0,"7":0,"8":0,"9":0,"10":2,"11":0,"12":0},"b":{"0":[0,0],"1":[0,0],"2":[0,2]},"_coverageSchema":"1a1c01bbd47fc00a2c39e90264f33305004495a9","hash":"0a788631d4e6b4ad8a940047d14b9d231d520775"}
,"/Users/nathanantwan/Team-Aqua/components/ModalPopUp.js": {"path":"/Users/nathanantwan/Team-Aqua/components/ModalPopUp.js","statementMap":{"0":{"start":{"line":22,"column":19},"end":{"line":62,"column":1}},"1":{"start":{"line":23,"column":12},"end":{"line":23,"column":16}},"2":{"start":{"line":24,"column":13},"end":{"line":24,"column":17}},"3":{"start":{"line":26,"column":2},"end":{"line":26,"column":33}},"4":{"start":{"line":27,"column":2},"end":{"line":41,"column":3}},"5":{"start":{"line":28,"column":4},"end":{"line":32,"column":5}},"6":{"start":{"line":29,"column":6},"end":{"line":31,"column":7}},"7":{"start":{"line":30,"column":8},"end":{"line":30,"column":39}},"8":{"start":{"line":33,"column":9},"end":{"line":41,"column":3}},"9":{"start":{"line":34,"column":4},"end":{"line":34,"column":13}},"10":{"start":{"line":35,"column":4},"end":{"line":40,"column":5}},"11":{"start":{"line":36,"column":6},"end":{"line":39,"column":11}},"12":{"start":{"line":38,"column":12},"end":{"line":38,"column":47}},"13":{"start":{"line":44,"column":2},"end":{"line":61,"column":4}},"14":{"start":{"line":50,"column":10},"end":{"line":50,"column":33}},"15":{"start":{"line":64,"column":15},"end":{"line":88,"column":2}}},"fnMap":{"0":{"name":"(anonymous_0)","decl":{"start":{"line":22,"column":19},"end":{"line":22,"column":20}},"loc":{"start":{"line":22,"column":80},"end":{"line":62,"column":1}},"line":22},"1":{"name":"(anonymous_1)","decl":{"start":{"line":49,"column":17},"end":{"line":49,"column":18}},"loc":{"start":{"line":49,"column":23},"end":{"line":51,"column":9}},"line":49}},"branchMap":{"0":{"loc":{"start":{"line":27,"column":2},"end":{"line":41,"column":3}},"type":"if","locations":[{"start":{"line":27,"column":2},"end":{"line":41,"column":3}},{"start":{"line":27,"column":2},"end":{"line":41,"column":3}}],"line":27},"1":{"loc":{"start":{"line":29,"column":6},"end":{"line":31,"column":7}},"type":"if","locations":[{"start":{"line":29,"column":6},"end":{"line":31,"column":7}},{"start":{"line":29,"column":6},"end":{"line":31,"column":7}}],"line":29},"2":{"loc":{"start":{"line":33,"column":9},"end":{"line":41,"column":3}},"type":"if","locations":[{"start":{"line":33,"column":9},"end":{"line":41,"column":3}},{"start":{"line":33,"column":9},"end":{"line":41,"column":3}}],"line":33},"3":{"loc":{"start":{"line":36,"column":6},"end":{"line":39,"column":11}},"type":"if","locations":[{"start":{"line":36,"column":6},"end":{"line":39,"column":11}},{"start":{"line":36,"column":6},"end":{"line":39,"column":11}}],"line":36},"4":{"loc":{"start":{"line":36,"column":10},"end":{"line":37,"column":91}},"type":"binary-expr","locations":[{"start":{"line":36,"column":10},"end":{"line":36,"column":85}},{"start":{"line":37,"column":10},"end":{"line":37,"column":91}}],"line":36},"5":{"loc":{"start":{"line":54,"column":9},"end":{"line":58,"column":9}},"type":"cond-expr","locations":[{"start":{"line":55,"column":10},"end":{"line":55,"column":34}},{"start":{"line":57,"column":10},"end":{"line":57,"column":32}}],"line":54}},"s":{"0":1,"1":0,"2":0,"3":0,"4":0,"5":0,"6":0,"7":0,"8":0,"9":0,"10":0,"11":0,"12":0,"13":0,"14":0,"15":1},"f":{"0":0,"1":0},"b":{"0":[0,0],"1":[0,0],"2":[0,0],"3":[0,0],"4":[0,0],"5":[0,0]},"_coverageSchema":"1a1c01bbd47fc00a2c39e90264f33305004495a9","hash":"eb46ac73b0acbf6a725dc1910ac0728b6a3b4aa0"}
,"/Users/nathanantwan/Team-Aqua/components/PinDetails.js": {"path":"/Users/nathanantwan/Team-Aqua/components/PinDetails.js","statementMap":{"0":{"start":{"line":7,"column":19},"end":{"line":22,"column":1}},"1":{"start":{"line":8,"column":42},"end":{"line":8,"column":57}},"2":{"start":{"line":9,"column":2},"end":{"line":21,"column":4}},"3":{"start":{"line":24,"column":15},"end":{"line":41,"column":2}}},"fnMap":{"0":{"name":"(anonymous_0)","decl":{"start":{"line":7,"column":19},"end":{"line":7,"column":20}},"loc":{"start":{"line":7,"column":32},"end":{"line":22,"column":1}},"line":7},"1":{"name":"(anonymous_1)","decl":{"start":{"line":12,"column":13},"end":{"line":12,"column":14}},"loc":{"start":{"line":12,"column":19},"end":{"line":13,"column":5}},"line":12}},"branchMap":{},"s":{"0":1,"1":0,"2":0,"3":1},"f":{"0":0,"1":0},"b":{},"_coverageSchema":"1a1c01bbd47fc00a2c39e90264f33305004495a9","hash":"ae3578eebe144bd09aa903afe2a8f9d9d657cf5d"}
,"/Users/nathanantwan/Team-Aqua/components/PinList.js": {"path":"/Users/nathanantwan/Team-Aqua/components/PinList.js","statementMap":{"0":{"start":{"line":7,"column":16},"end":{"line":54,"column":1}},"1":{"start":{"line":8,"column":38},"end":{"line":8,"column":52}},"2":{"start":{"line":9,"column":40},"end":{"line":9,"column":54}},"3":{"start":{"line":10,"column":2},"end":{"line":53,"column":3}},"4":{"start":{"line":11,"column":4},"end":{"line":32,"column":5}},"5":{"start":{"line":12,"column":6},"end":{"line":25,"column":6}},"6":{"start":{"line":15,"column":12},"end":{"line":21,"column":31}},"7":{"start":{"line":15,"column":83},"end":{"line":15,"column":103}},"8":{"start":{"line":15,"column":104},"end":{"line":15,"column":125}},"9":{"start":{"line":29,"column":6},"end":{"line":31,"column":8}},"10":{"start":{"line":36,"column":4},"end":{"line":52,"column":6}},"11":{"start":{"line":39,"column":62},"end":{"line":39,"column":83}},"12":{"start":{"line":39,"column":84},"end":{"line":39,"column":104}},"13":{"start":{"line":56,"column":15},"end":{"line":92,"column":2}}},"fnMap":{"0":{"name":"(anonymous_0)","decl":{"start":{"line":7,"column":16},"end":{"line":7,"column":17}},"loc":{"start":{"line":7,"column":30},"end":{"line":54,"column":1}},"line":7},"1":{"name":"(anonymous_1)","decl":{"start":{"line":14,"column":20},"end":{"line":14,"column":21}},"loc":{"start":{"line":15,"column":12},"end":{"line":21,"column":31}},"line":15},"2":{"name":"(anonymous_2)","decl":{"start":{"line":15,"column":76},"end":{"line":15,"column":77}},"loc":{"start":{"line":15,"column":82},"end":{"line":15,"column":126}},"line":15},"3":{"name":"(anonymous_3)","decl":{"start":{"line":39,"column":55},"end":{"line":39,"column":56}},"loc":{"start":{"line":39,"column":61},"end":{"line":39,"column":105}},"line":39}},"branchMap":{"0":{"loc":{"start":{"line":10,"column":2},"end":{"line":53,"column":3}},"type":"if","locations":[{"start":{"line":10,"column":2},"end":{"line":53,"column":3}},{"start":{"line":10,"column":2},"end":{"line":53,"column":3}}],"line":10},"1":{"loc":{"start":{"line":11,"column":4},"end":{"line":32,"column":5}},"type":"if","locations":[{"start":{"line":11,"column":4},"end":{"line":32,"column":5}},{"start":{"line":11,"column":4},"end":{"line":32,"column":5}}],"line":11}},"s":{"0":1,"1":2,"2":2,"3":2,"4":2,"5":1,"6":1,"7":0,"8":0,"9":1,"10":0,"11":0,"12":0,"13":1},"f":{"0":2,"1":1,"2":0,"3":0},"b":{"0":[2,0],"1":[1,1]},"_coverageSchema":"1a1c01bbd47fc00a2c39e90264f33305004495a9","hash":"1b060a18478a54411ff4f8f7ebc43031f3c1372d"}
,"/Users/nathanantwan/Team-Aqua/components/SelectImage.js": {"path":"/Users/nathanantwan/Team-Aqua/components/SelectImage.js","statementMap":{"0":{"start":{"line":6,"column":20},"end":{"line":49,"column":1}},"1":{"start":{"line":7,"column":2},"end":{"line":18,"column":9}},"2":{"start":{"line":8,"column":4},"end":{"line":17,"column":9}},"3":{"start":{"line":9,"column":6},"end":{"line":16,"column":7}},"4":{"start":{"line":12,"column":12},"end":{"line":12,"column":65}},"5":{"start":{"line":13,"column":8},"end":{"line":15,"column":9}},"6":{"start":{"line":14,"column":10},"end":{"line":14,"column":77}},"7":{"start":{"line":20,"column":20},"end":{"line":33,"column":3}},"8":{"start":{"line":21,"column":17},"end":{"line":26,"column":6}},"9":{"start":{"line":28,"column":4},"end":{"line":28,"column":24}},"10":{"start":{"line":30,"column":4},"end":{"line":32,"column":5}},"11":{"start":{"line":31,"column":6},"end":{"line":31,"column":27}},"12":{"start":{"line":35,"column":2},"end":{"line":48,"column":4}},"13":{"start":{"line":51,"column":15},"end":{"line":58,"column":2}}},"fnMap":{"0":{"name":"(anonymous_0)","decl":{"start":{"line":6,"column":20},"end":{"line":6,"column":21}},"loc":{"start":{"line":6,"column":45},"end":{"line":49,"column":1}},"line":6},"1":{"name":"(anonymous_1)","decl":{"start":{"line":7,"column":12},"end":{"line":7,"column":13}},"loc":{"start":{"line":7,"column":18},"end":{"line":18,"column":3}},"line":7},"2":{"name":"(anonymous_2)","decl":{"start":{"line":8,"column":5},"end":{"line":8,"column":6}},"loc":{"start":{"line":8,"column":17},"end":{"line":17,"column":5}},"line":8},"3":{"name":"(anonymous_3)","decl":{"start":{"line":20,"column":20},"end":{"line":20,"column":21}},"loc":{"start":{"line":20,"column":32},"end":{"line":33,"column":3}},"line":20}},"branchMap":{"0":{"loc":{"start":{"line":9,"column":6},"end":{"line":16,"column":7}},"type":"if","locations":[{"start":{"line":9,"column":6},"end":{"line":16,"column":7}},{"start":{"line":9,"column":6},"end":{"line":16,"column":7}}],"line":9},"1":{"loc":{"start":{"line":13,"column":8},"end":{"line":15,"column":9}},"type":"if","locations":[{"start":{"line":13,"column":8},"end":{"line":15,"column":9}},{"start":{"line":13,"column":8},"end":{"line":15,"column":9}}],"line":13},"2":{"loc":{"start":{"line":30,"column":4},"end":{"line":32,"column":5}},"type":"if","locations":[{"start":{"line":30,"column":4},"end":{"line":32,"column":5}},{"start":{"line":30,"column":4},"end":{"line":32,"column":5}}],"line":30},"3":{"loc":{"start":{"line":37,"column":7},"end":{"line":39,"column":7}},"type":"binary-expr","locations":[{"start":{"line":37,"column":7},"end":{"line":37,"column":12}},{"start":{"line":38,"column":8},"end":{"line":38,"column":77}}],"line":37},"4":{"loc":{"start":{"line":43,"column":7},"end":{"line":45,"column":77}},"type":"cond-expr","locations":[{"start":{"line":44,"column":9},"end":{"line":44,"column":59}},{"start":{"line":45,"column":9},"end":{"line":45,"column":76}}],"line":43}},"s":{"0":2,"1":2,"2":2,"3":2,"4":2,"5":0,"6":0,"7":2,"8":0,"9":0,"10":0,"11":0,"12":2,"13":2},"f":{"0":2,"1":2,"2":2,"3":0},"b":{"0":[2,0],"1":[0,0],"2":[0,0],"3":[2,0],"4":[0,2]},"_coverageSchema":"1a1c01bbd47fc00a2c39e90264f33305004495a9","hash":"e8234c83ad9ff38e3a059cb94228776d0ba3920b"}
,"/Users/nathanantwan/Team-Aqua/components/UserInput.js": {"path":"/Users/nathanantwan/Team-Aqua/components/UserInput.js","statementMap":{"0":{"start":{"line":8,"column":18},"end":{"line":82,"column":1}},"1":{"start":{"line":9,"column":34},"end":{"line":9,"column":48}},"2":{"start":{"line":10,"column":40},"end":{"line":10,"column":55}},"3":{"start":{"line":11,"column":34},"end":{"line":11,"column":48}},"4":{"start":{"line":13,"column":2},"end":{"line":23,"column":9}},"5":{"start":{"line":14,"column":4},"end":{"line":22,"column":9}},"6":{"start":{"line":15,"column":23},"end":{"line":15,"column":63}},"7":{"start":{"line":16,"column":6},"end":{"line":18,"column":7}},"8":{"start":{"line":17,"column":8},"end":{"line":17,"column":36}},"9":{"start":{"line":19,"column":21},"end":{"line":19,"column":63}},"10":{"start":{"line":20,"column":6},"end":{"line":20,"column":28}},"11":{"start":{"line":21,"column":6},"end":{"line":21,"column":28}},"12":{"start":{"line":25,"column":29},"end":{"line":35,"column":3}},"13":{"start":{"line":26,"column":14},"end":{"line":26,"column":29}},"14":{"start":{"line":27,"column":14},"end":{"line":27,"column":30}},"15":{"start":{"line":28,"column":14},"end":{"line":33,"column":5}},"16":{"start":{"line":34,"column":4},"end":{"line":34,"column":20}},"17":{"start":{"line":37,"column":19},"end":{"line":39,"column":3}},"18":{"start":{"line":38,"column":4},"end":{"line":38,"column":23}},"19":{"start":{"line":41,"column":2},"end":{"line":81,"column":4}},"20":{"start":{"line":58,"column":25},"end":{"line":58,"column":71}},"21":{"start":{"line":66,"column":27},"end":{"line":66,"column":47}},"22":{"start":{"line":66,"column":48},"end":{"line":66,"column":69}},"23":{"start":{"line":72,"column":27},"end":{"line":72,"column":47}},"24":{"start":{"line":72,"column":48},"end":{"line":72,"column":69}},"25":{"start":{"line":72,"column":70},"end":{"line":72,"column":97}},"26":{"start":{"line":72,"column":98},"end":{"line":72,"column":114}},"27":{"start":{"line":84,"column":15},"end":{"line":90,"column":2}}},"fnMap":{"0":{"name":"(anonymous_0)","decl":{"start":{"line":8,"column":18},"end":{"line":8,"column":19}},"loc":{"start":{"line":8,"column":57},"end":{"line":82,"column":1}},"line":8},"1":{"name":"(anonymous_1)","decl":{"start":{"line":13,"column":12},"end":{"line":13,"column":13}},"loc":{"start":{"line":13,"column":18},"end":{"line":23,"column":3}},"line":13},"2":{"name":"(anonymous_2)","decl":{"start":{"line":14,"column":5},"end":{"line":14,"column":6}},"loc":{"start":{"line":14,"column":17},"end":{"line":22,"column":5}},"line":14},"3":{"name":"(anonymous_3)","decl":{"start":{"line":25,"column":29},"end":{"line":25,"column":30}},"loc":{"start":{"line":25,"column":41},"end":{"line":35,"column":3}},"line":25},"4":{"name":"(anonymous_4)","decl":{"start":{"line":37,"column":19},"end":{"line":37,"column":20}},"loc":{"start":{"line":37,"column":31},"end":{"line":39,"column":3}},"line":37},"5":{"name":"(anonymous_5)","decl":{"start":{"line":58,"column":19},"end":{"line":58,"column":20}},"loc":{"start":{"line":58,"column":25},"end":{"line":58,"column":71}},"line":58},"6":{"name":"(anonymous_6)","decl":{"start":{"line":66,"column":19},"end":{"line":66,"column":20}},"loc":{"start":{"line":66,"column":25},"end":{"line":66,"column":70}},"line":66},"7":{"name":"(anonymous_7)","decl":{"start":{"line":72,"column":19},"end":{"line":72,"column":20}},"loc":{"start":{"line":72,"column":25},"end":{"line":72,"column":115}},"line":72}},"branchMap":{"0":{"loc":{"start":{"line":16,"column":6},"end":{"line":18,"column":7}},"type":"if","locations":[{"start":{"line":16,"column":6},"end":{"line":18,"column":7}},{"start":{"line":16,"column":6},"end":{"line":18,"column":7}}],"line":16},"1":{"loc":{"start":{"line":43,"column":7},"end":{"line":53,"column":14}},"type":"cond-expr","locations":[{"start":{"line":44,"column":8},"end":{"line":52,"column":10}},{"start":{"line":53,"column":10},"end":{"line":53,"column":14}}],"line":43},"2":{"loc":{"start":{"line":55,"column":9},"end":{"line":77,"column":24}},"type":"cond-expr","locations":[{"start":{"line":57,"column":8},"end":{"line":62,"column":27}},{"start":{"line":64,"column":8},"end":{"line":77,"column":23}}],"line":55},"3":{"loc":{"start":{"line":58,"column":25},"end":{"line":58,"column":71}},"type":"binary-expr","locations":[{"start":{"line":58,"column":25},"end":{"line":58,"column":45}},{"start":{"line":58,"column":49},"end":{"line":58,"column":71}}],"line":58}},"s":{"0":2,"1":6,"2":6,"3":6,"4":6,"5":2,"6":2,"7":0,"8":0,"9":0,"10":0,"11":0,"12":6,"13":0,"14":0,"15":0,"16":0,"17":6,"18":0,"19":6,"20":2,"21":0,"22":0,"23":0,"24":0,"25":0,"26":0,"27":2},"f":{"0":6,"1":2,"2":2,"3":0,"4":0,"5":2,"6":0,"7":0},"b":{"0":[0,0],"1":[2,4],"2":[6,0],"3":[2,0]},"_coverageSchema":"1a1c01bbd47fc00a2c39e90264f33305004495a9","hash":"1b613122a07106ce4d5b4a26998843a2d27b9d12"}
,"/Users/nathanantwan/Team-Aqua/components/Forms/Form.js": {"path":"/Users/nathanantwan/Team-Aqua/components/Forms/Form.js","statementMap":{"0":{"start":{"line":10,"column":2},"end":{"line":18,"column":4}},"1":{"start":{"line":16,"column":13},"end":{"line":16,"column":56}}},"fnMap":{"0":{"name":"Form","decl":{"start":{"line":4,"column":24},"end":{"line":4,"column":28}},"loc":{"start":{"line":9,"column":3},"end":{"line":19,"column":1}},"line":9},"1":{"name":"(anonymous_1)","decl":{"start":{"line":16,"column":7},"end":{"line":16,"column":8}},"loc":{"start":{"line":16,"column":13},"end":{"line":16,"column":56}},"line":16}},"branchMap":{},"s":{"0":2,"1":3},"f":{"0":2,"1":3},"b":{},"_coverageSchema":"1a1c01bbd47fc00a2c39e90264f33305004495a9","hash":"fd71444d03257f71bd77e7e81d4d03343a61d6ff"}
,"/Users/nathanantwan/Team-Aqua/components/Forms/FormButton.js": {"path":"/Users/nathanantwan/Team-Aqua/components/Forms/FormButton.js","statementMap":{"0":{"start":{"line":8,"column":35},"end":{"line":8,"column":53}},"1":{"start":{"line":9,"column":15},"end":{"line":9,"column":66}},"2":{"start":{"line":11,"column":2},"end":{"line":18,"column":4}},"3":{"start":{"line":21,"column":15},"end":{"line":36,"column":2}}},"fnMap":{"0":{"name":"FormButton","decl":{"start":{"line":7,"column":24},"end":{"line":7,"column":34}},"loc":{"start":{"line":7,"column":65},"end":{"line":19,"column":1}},"line":7}},"branchMap":{"0":{"loc":{"start":{"line":7,"column":44},"end":{"line":7,"column":61}},"type":"default-arg","locations":[{"start":{"line":7,"column":52},"end":{"line":7,"column":61}}],"line":7},"1":{"loc":{"start":{"line":9,"column":15},"end":{"line":9,"column":66}},"type":"cond-expr","locations":[{"start":{"line":9,"column":45},"end":{"line":9,"column":58}},{"start":{"line":9,"column":61},"end":{"line":9,"column":66}}],"line":9}},"s":{"0":3,"1":3,"2":3,"3":2},"f":{"0":3},"b":{"0":[0],"1":[0,3]},"_coverageSchema":"1a1c01bbd47fc00a2c39e90264f33305004495a9","hash":"9bdaafd63a48deda58df0f9d25ecb2957c432aa6"}
,"/Users/nathanantwan/Team-Aqua/components/Forms/FormErrorMessage.js": {"path":"/Users/nathanantwan/Team-Aqua/components/Forms/FormErrorMessage.js","statementMap":{"0":{"start":{"line":7,"column":2},"end":{"line":9,"column":3}},"1":{"start":{"line":8,"column":4},"end":{"line":8,"column":16}},"2":{"start":{"line":11,"column":2},"end":{"line":11,"column":55}},"3":{"start":{"line":14,"column":15},"end":{"line":22,"column":2}}},"fnMap":{"0":{"name":"FormErrorMessage","decl":{"start":{"line":6,"column":24},"end":{"line":6,"column":40}},"loc":{"start":{"line":6,"column":61},"end":{"line":12,"column":1}},"line":6}},"branchMap":{"0":{"loc":{"start":{"line":7,"column":2},"end":{"line":9,"column":3}},"type":"if","locations":[{"start":{"line":7,"column":2},"end":{"line":9,"column":3}},{"start":{"line":7,"column":2},"end":{"line":9,"column":3}}],"line":7},"1":{"loc":{"start":{"line":7,"column":6},"end":{"line":7,"column":24}},"type":"binary-expr","locations":[{"start":{"line":7,"column":6},"end":{"line":7,"column":12}},{"start":{"line":7,"column":16},"end":{"line":7,"column":24}}],"line":7}},"s":{"0":8,"1":8,"2":0,"3":2},"f":{"0":8},"b":{"0":[8,0],"1":[8,0]},"_coverageSchema":"1a1c01bbd47fc00a2c39e90264f33305004495a9","hash":"f856e3c362812ea9016e01fccbfde103b62483c7"}
,"/Users/nathanantwan/Team-Aqua/components/Forms/FormField.js": {"path":"/Users/nathanantwan/Team-Aqua/components/Forms/FormField.js","statementMap":{"0":{"start":{"line":14,"column":6},"end":{"line":14,"column":24}},"1":{"start":{"line":16,"column":2},"end":{"line":27,"column":4}},"2":{"start":{"line":20,"column":30},"end":{"line":20,"column":55}},"3":{"start":{"line":21,"column":22},"end":{"line":21,"column":43}}},"fnMap":{"0":{"name":"FormField","decl":{"start":{"line":7,"column":24},"end":{"line":7,"column":33}},"loc":{"start":{"line":7,"column":66},"end":{"line":28,"column":1}},"line":7},"1":{"name":"(anonymous_1)","decl":{"start":{"line":20,"column":22},"end":{"line":20,"column":23}},"loc":{"start":{"line":20,"column":30},"end":{"line":20,"column":55}},"line":20},"2":{"name":"(anonymous_2)","decl":{"start":{"line":21,"column":16},"end":{"line":21,"column":17}},"loc":{"start":{"line":21,"column":22},"end":{"line":21,"column":43}},"line":21}},"branchMap":{},"s":{"0":6,"1":6,"2":0,"3":0},"f":{"0":6,"1":0,"2":0},"b":{},"_coverageSchema":"1a1c01bbd47fc00a2c39e90264f33305004495a9","hash":"fdaa26824ee09b0edf075fb7c1ae7dcd239102ed"}
,"/Users/nathanantwan/Team-Aqua/components/Forms/FormSwitch.js": {"path":"/Users/nathanantwan/Team-Aqua/components/Forms/FormSwitch.js","statementMap":{"0":{"start":{"line":7,"column":65},"end":{"line":7,"column":66}},"1":{"start":{"line":8,"column":36},"end":{"line":8,"column":54}},"2":{"start":{"line":9,"column":16},"end":{"line":9,"column":28}},"3":{"start":{"line":10,"column":2},"end":{"line":22,"column":4}},"4":{"start":{"line":16,"column":10},"end":{"line":16,"column":26}},"5":{"start":{"line":17,"column":10},"end":{"line":17,"column":37}},"6":{"start":{"line":25,"column":15},"end":{"line":38,"column":2}}},"fnMap":{"0":{"name":"FormSwitch","decl":{"start":{"line":7,"column":24},"end":{"line":7,"column":34}},"loc":{"start":{"line":7,"column":84},"end":{"line":23,"column":1}},"line":7},"1":{"name":"(anonymous_1)","decl":{"start":{"line":7,"column":60},"end":{"line":7,"column":61}},"loc":{"start":{"line":7,"column":65},"end":{"line":7,"column":66}},"line":7},"2":{"name":"(anonymous_2)","decl":{"start":{"line":15,"column":23},"end":{"line":15,"column":24}},"loc":{"start":{"line":15,"column":34},"end":{"line":18,"column":9}},"line":15}},"branchMap":{"0":{"loc":{"start":{"line":7,"column":49},"end":{"line":7,"column":66}},"type":"default-arg","locations":[{"start":{"line":7,"column":60},"end":{"line":7,"column":66}}],"line":7}},"s":{"0":0,"1":0,"2":0,"3":0,"4":0,"5":0,"6":2},"f":{"0":0,"1":0,"2":0},"b":{"0":[0]},"_coverageSchema":"1a1c01bbd47fc00a2c39e90264f33305004495a9","hash":"5396c81ef34b67ab0e4b6f6cc183c2c722f66227"}
,"/Users/nathanantwan/Team-Aqua/components/Forms/FormTextInput.js": {"path":"/Users/nathanantwan/Team-Aqua/components/Forms/FormTextInput.js","statementMap":{"0":{"start":{"line":14,"column":2},"end":{"line":40,"column":4}},"1":{"start":{"line":43,"column":15},"end":{"line":64,"column":2}}},"fnMap":{"0":{"name":"FormTextInput","decl":{"start":{"line":7,"column":24},"end":{"line":7,"column":37}},"loc":{"start":{"line":13,"column":3},"end":{"line":41,"column":1}},"line":13}},"branchMap":{"0":{"loc":{"start":{"line":9,"column":2},"end":{"line":9,"column":16}},"type":"default-arg","locations":[{"start":{"line":9,"column":10},"end":{"line":9,"column":16}}],"line":9},"1":{"loc":{"start":{"line":16,"column":7},"end":{"line":23,"column":7}},"type":"binary-expr","locations":[{"start":{"line":16,"column":7},"end":{"line":16,"column":15}},{"start":{"line":17,"column":8},"end":{"line":22,"column":10}}],"line":16},"2":{"loc":{"start":{"line":29,"column":7},"end":{"line":38,"column":7}},"type":"binary-expr","locations":[{"start":{"line":29,"column":7},"end":{"line":29,"column":16}},{"start":{"line":30,"column":8},"end":{"line":37,"column":27}}],"line":29}},"s":{"0":6,"1":2},"f":{"0":6},"b":{"0":[6],"1":[6,6],"2":[6,0]},"_coverageSchema":"1a1c01bbd47fc00a2c39e90264f33305004495a9","hash":"d19e02558991f740373f06fc645ad9ebf7fdfcce"}
,"/Users/nathanantwan/Team-Aqua/components/Forms/colors.js": {"path":"/Users/nathanantwan/Team-Aqua/components/Forms/colors.js","statementMap":{},"fnMap":{},"branchMap":{},"s":{},"f":{},"b":{},"_coverageSchema":"1a1c01bbd47fc00a2c39e90264f33305004495a9","hash":"376eae1935726ce1a1d2ab5b4e46d83cbdea3765"}
}
