TN:
SF:firebase.js
FNF:0
FNH:0
DA:5,1
DA:16,1
DA:17,1
LF:3
LH:3
BRDA:16,0,0,1
BRDA:16,0,1,0
BRF:2
BRH:1
end_of_record
TN:
SF:assets/icons8-marker.png
FNF:0
FNH:0
DA:1,1
LF:1
LH:1
BRF:0
BRH:0
end_of_record
TN:
SF:components/Form.js
FN:8,(anonymous_0)
FNF:1
FNH:1
FNDA:1,(anonymous_0)
DA:8,1
DA:10,1
DA:11,1
DA:12,1
DA:13,1
LF:5
LH:5
BRF:0
BRH:0
end_of_record
TN:
SF:components/InputModal.js
FN:11,(anonymous_0)
FN:24,(anonymous_1)
FN:26,(anonymous_2)
FN:32,(anonymous_3)
FN:33,(anonymous_4)
FN:36,(anonymous_5)
FN:44,(anonymous_6)
FN:48,(anonymous_7)
FN:70,(anonymous_8)
FN:75,(anonymous_9)
FN:85,(anonymous_10)
FN:93,(anonymous_11)
FN:99,(anonymous_12)
FNF:13
FNH:2
FNDA:1,(anonymous_0)
FNDA:0,(anonymous_1)
FNDA:0,(anonymous_2)
FNDA:0,(anonymous_3)
FNDA:0,(anonymous_4)
FNDA:0,(anonymous_5)
FNDA:0,(anonymous_6)
FNDA:0,(anonymous_7)
FNDA:0,(anonymous_8)
FNDA:0,(anonymous_9)
FNDA:1,(anonymous_10)
FNDA:0,(anonymous_11)
FNDA:0,(anonymous_12)
DA:11,1
DA:12,1
DA:13,1
DA:15,1
DA:24,1
DA:25,0
DA:26,0
DA:27,0
DA:28,0
DA:29,0
DA:30,0
DA:34,0
DA:37,0
DA:38,0
DA:44,1
DA:45,0
DA:48,1
DA:49,0
DA:50,0
DA:51,0
DA:52,0
DA:53,0
DA:54,0
DA:55,0
DA:56,0
DA:57,0
DA:65,0
DA:67,0
DA:71,0
DA:76,0
DA:77,0
DA:81,1
DA:85,1
DA:93,0
DA:100,0
DA:101,0
DA:104,0
DA:129,1
LF:38
LH:10
BRDA:71,0,0,0
BRDA:71,0,1,0
BRDA:100,1,0,0
BRDA:100,1,1,0
BRF:4
BRH:0
end_of_record
TN:
SF:components/SelectImage.js
FN:6,(anonymous_0)
FN:7,(anonymous_1)
FN:8,(anonymous_2)
FN:20,(anonymous_3)
FNF:4
FNH:3
FNDA:1,(anonymous_0)
FNDA:1,(anonymous_1)
FNDA:1,(anonymous_2)
FNDA:0,(anonymous_3)
DA:6,1
DA:7,1
DA:8,1
DA:9,1
DA:12,1
DA:13,0
DA:14,0
DA:20,1
DA:21,0
DA:28,0
DA:30,0
DA:31,0
DA:35,1
LF:13
LH:7
BRDA:9,0,0,1
BRDA:9,0,1,0
BRDA:13,1,0,0
BRDA:13,1,1,0
BRDA:30,2,0,0
BRDA:30,2,1,0
BRDA:42,3,0,1
BRDA:42,3,1,0
BRF:8
BRH:2
end_of_record
TN:
SF:components/UserInput.js
FN:8,(anonymous_0)
FN:14,(anonymous_1)
FN:15,(anonymous_2)
FN:26,(anonymous_3)
FN:38,(anonymous_4)
FN:57,(anonymous_5)
FN:71,(anonymous_6)
FNF:7
FNH:4
FNDA:3,(anonymous_0)
FNDA:1,(anonymous_1)
FNDA:1,(anonymous_2)
FNDA:0,(anonymous_3)
FNDA:0,(anonymous_4)
FNDA:1,(anonymous_5)
FNDA:0,(anonymous_6)
DA:8,1
DA:9,3
DA:10,3
DA:11,3
DA:12,3
DA:14,3
DA:15,1
DA:16,1
DA:17,0
DA:18,0
DA:20,0
DA:21,0
DA:22,0
DA:26,3
DA:27,0
DA:28,0
DA:29,0
DA:35,0
DA:38,3
DA:39,0
DA:42,3
DA:57,1
DA:71,0
DA:87,1
LF:24
LH:13
BRDA:17,0,0,0
BRDA:17,0,1,0
BRDA:44,1,0,1
BRDA:44,1,1,2
BRDA:55,2,0,3
BRDA:55,2,1,0
BRDA:57,3,0,1
BRDA:57,3,1,0
BRDA:69,4,0,0
BRDA:69,4,1,3
BRF:10
BRH:5
end_of_record
TN:
SF:components/Forms/Form.js
FN:4,Form
FN:16,(anonymous_1)
FNF:2
FNH:2
FNDA:1,Form
FNDA:1,(anonymous_1)
DA:10,1
DA:16,1
LF:2
LH:2
BRF:0
BRH:0
end_of_record
TN:
SF:components/Forms/FormButton.js
FN:7,FormButton
FNF:1
FNH:1
FNDA:1,FormButton
DA:8,1
DA:9,1
DA:11,1
DA:21,1
LF:4
LH:4
BRDA:7,0,0,0
BRDA:9,1,0,0
BRDA:9,1,1,1
BRF:3
BRH:1
end_of_record
TN:
SF:components/Forms/FormErrorMessage.js
FN:6,FormErrorMessage
FNF:1
FNH:1
FNDA:3,FormErrorMessage
DA:7,3
DA:8,3
DA:11,0
DA:14,1
LF:4
LH:3
BRDA:7,0,0,3
BRDA:7,0,1,0
BRDA:7,1,0,3
BRDA:7,1,1,0
BRF:4
BRH:2
end_of_record
TN:
SF:components/Forms/FormField.js
FN:7,FormField
FN:20,(anonymous_1)
FN:21,(anonymous_2)
FNF:3
FNH:1
FNDA:2,FormField
FNDA:0,(anonymous_1)
FNDA:0,(anonymous_2)
DA:14,2
DA:16,2
DA:20,0
DA:21,0
LF:4
LH:2
BRF:0
BRH:0
end_of_record
TN:
SF:components/Forms/FormSwitch.js
FN:7,FormSwitch
FN:7,(anonymous_1)
FN:15,(anonymous_2)
FNF:3
FNH:0
FNDA:0,FormSwitch
FNDA:0,(anonymous_1)
FNDA:0,(anonymous_2)
DA:7,0
DA:8,0
DA:9,0
DA:10,0
DA:16,0
DA:17,0
DA:25,1
LF:7
LH:1
BRDA:7,0,0,0
BRF:1
BRH:0
end_of_record
TN:
SF:components/Forms/FormTextInput.js
FN:7,FormTextInput
FNF:1
FNH:1
FNDA:2,FormTextInput
DA:14,2
DA:43,1
LF:2
LH:2
BRDA:9,0,0,2
BRDA:16,1,0,2
BRDA:16,1,1,2
BRDA:29,2,0,2
BRDA:29,2,1,0
BRF:5
BRH:4
end_of_record
TN:
SF:components/Forms/colors.js
FNF:0
FNH:0
LF:0
LH:0
BRF:0
BRH:0
end_of_record
