TN:
SF:UserContext.js
FNF:0
FNH:0
DA:3,5
LF:1
LH:1
BRF:0
BRH:0
end_of_record
TN:
SF:firebase.js
FNF:0
FNH:0
DA:5,5
DA:16,5
DA:17,5
LF:3
LH:3
BRDA:16,0,0,5
BRDA:16,0,1,0
BRF:2
BRH:1
end_of_record
TN:
SF:assets/icons8-marker.png
FNF:0
FNH:0
DA:1,1
LF:1
LH:1
BRF:0
BRH:0
end_of_record
TN:
SF:components/Directions.js
FN:7,(anonymous_0)
FN:9,(anonymous_1)
FN:16,(anonymous_2)
FNF:3
FNH:1
FNDA:2,(anonymous_0)
FNDA:0,(anonymous_1)
FNDA:0,(anonymous_2)
DA:7,1
DA:9,2
DA:10,0
DA:14,0
DA:16,0
DA:19,2
LF:6
LH:3
BRF:0
BRH:0
end_of_record
TN:
SF:components/Form.js
FN:8,(anonymous_0)
FNF:1
FNH:1
FNDA:6,(anonymous_0)
DA:8,6
DA:10,5
DA:11,5
DA:12,5
DA:13,5
LF:5
LH:5
BRF:0
BRH:0
end_of_record
TN:
SF:components/InputModal.js
FN:19,(anonymous_0)
FN:49,(anonymous_1)
FN:51,(anonymous_2)
FN:57,(anonymous_3)
FN:58,(anonymous_4)
FN:61,(anonymous_5)
FN:69,(anonymous_6)
FN:73,(anonymous_7)
FN:104,(anonymous_8)
FN:109,(anonymous_9)
FN:115,(anonymous_10)
FN:129,(anonymous_11)
FN:138,(anonymous_12)
FN:164,(anonymous_13)
FN:171,(anonymous_14)
FN:180,(anonymous_15)
FNF:16
FNH:1
FNDA:2,(anonymous_0)
FNDA:0,(anonymous_1)
FNDA:0,(anonymous_2)
FNDA:0,(anonymous_3)
FNDA:0,(anonymous_4)
FNDA:0,(anonymous_5)
FNDA:0,(anonymous_6)
FNDA:0,(anonymous_7)
FNDA:0,(anonymous_8)
FNDA:0,(anonymous_9)
FNDA:0,(anonymous_10)
FNDA:0,(anonymous_11)
FNDA:0,(anonymous_12)
FNDA:0,(anonymous_13)
FNDA:0,(anonymous_14)
FNDA:0,(anonymous_15)
DA:19,4
DA:27,2
DA:28,2
DA:29,2
DA:30,2
DA:31,2
DA:32,2
DA:35,2
DA:49,2
DA:50,0
DA:51,0
DA:52,0
DA:53,0
DA:54,0
DA:55,0
DA:59,0
DA:62,0
DA:63,0
DA:69,2
DA:70,0
DA:73,2
DA:74,0
DA:75,0
DA:76,0
DA:77,0
DA:78,0
DA:79,0
DA:81,0
DA:101,0
DA:105,0
DA:110,0
DA:116,0
DA:117,0
DA:121,2
DA:129,0
DA:139,0
DA:140,0
DA:142,0
DA:164,0
DA:171,0
DA:181,0
DA:203,4
LF:42
LH:13
BRDA:105,0,0,0
BRDA:105,0,1,0
BRDA:123,1,0,2
BRDA:123,1,1,0
BRDA:139,2,0,0
BRDA:139,2,1,0
BRDA:147,3,0,0
BRDA:147,3,1,2
BRF:8
BRH:2
end_of_record
TN:
SF:components/PinDetails.js
FN:19,(anonymous_0)
FN:34,(anonymous_1)
FNF:2
FNH:1
FNDA:2,(anonymous_0)
FNDA:0,(anonymous_1)
DA:19,1
DA:20,2
DA:21,2
DA:22,2
DA:23,2
DA:25,2
DA:59,1
LF:7
LH:7
BRDA:27,0,0,0
BRDA:27,0,1,2
BRDA:35,1,0,2
BRDA:35,1,1,0
BRDA:49,2,0,0
BRDA:49,2,1,2
BRF:6
BRH:3
end_of_record
TN:
SF:components/PinList.js
FN:15,(anonymous_0)
FN:22,(anonymous_1)
FN:26,(anonymous_2)
FN:56,(anonymous_3)
FNF:4
FNH:0
FNDA:0,(anonymous_0)
FNDA:0,(anonymous_1)
FNDA:0,(anonymous_2)
FNDA:0,(anonymous_3)
DA:15,1
DA:16,0
DA:17,0
DA:18,0
DA:19,0
DA:20,0
DA:23,0
DA:27,0
DA:28,0
DA:48,0
DA:51,0
DA:57,0
DA:58,0
DA:77,1
LF:14
LH:2
BRDA:18,0,0,0
BRDA:18,0,1,0
BRDA:19,1,0,0
BRDA:19,1,1,0
BRDA:31,2,0,0
BRDA:31,2,1,0
BRF:6
BRH:0
end_of_record
TN:
SF:components/Rate.js
FN:5,(anonymous_0)
FNF:1
FNH:1
FNDA:2,(anonymous_0)
DA:5,1
DA:6,2
DA:7,2
LF:3
LH:3
BRDA:9,0,0,0
BRDA:9,0,1,2
BRF:2
BRH:1
end_of_record
TN:
SF:components/RateList.js
FN:6,(anonymous_0)
FN:10,(anonymous_1)
FNF:2
FNH:1
FNDA:2,(anonymous_0)
FNDA:0,(anonymous_1)
DA:6,1
DA:7,2
DA:8,2
DA:11,0
DA:33,1
LF:5
LH:4
BRDA:18,0,0,0
BRDA:18,0,1,0
BRF:2
BRH:0
end_of_record
TN:
SF:components/RateModal.js
FN:22,(anonymous_0)
FN:35,(anonymous_1)
FN:39,(anonymous_2)
FN:44,(anonymous_3)
FN:63,(anonymous_4)
FN:68,(anonymous_5)
FN:74,(anonymous_6)
FN:87,(anonymous_7)
FN:95,(anonymous_8)
FNF:9
FNH:0
FNDA:0,(anonymous_0)
FNDA:0,(anonymous_1)
FNDA:0,(anonymous_2)
FNDA:0,(anonymous_3)
FNDA:0,(anonymous_4)
FNDA:0,(anonymous_5)
FNDA:0,(anonymous_6)
FNDA:0,(anonymous_7)
FNDA:0,(anonymous_8)
DA:22,1
DA:23,0
DA:24,0
DA:25,0
DA:27,0
DA:35,0
DA:36,0
DA:39,0
DA:40,0
DA:41,0
DA:44,0
DA:45,0
DA:47,0
DA:51,0
DA:58,0
DA:60,0
DA:64,0
DA:69,0
DA:75,0
DA:76,0
DA:80,0
DA:87,0
DA:96,0
DA:124,1
LF:24
LH:2
BRDA:64,0,0,0
BRDA:64,0,1,0
BRF:2
BRH:0
end_of_record
TN:
SF:components/RatingBar.js
FN:17,(anonymous_0)
FN:33,(anonymous_1)
FN:36,(anonymous_2)
FN:41,(anonymous_3)
FNF:4
FNH:0
FNDA:0,(anonymous_0)
FNDA:0,(anonymous_1)
FNDA:0,(anonymous_2)
FNDA:0,(anonymous_3)
DA:17,1
DA:24,0
DA:28,0
DA:31,0
DA:33,0
DA:34,0
DA:37,0
DA:41,0
DA:57,0
DA:75,1
LF:10
LH:2
BRDA:45,0,0,0
BRDA:45,0,1,0
BRF:2
BRH:0
end_of_record
TN:
SF:components/RatingBarAvg.js
FN:17,(anonymous_0)
FN:33,(anonymous_1)
FN:36,(anonymous_2)
FNF:3
FNH:3
FNDA:2,(anonymous_0)
FNDA:3,(anonymous_1)
FNDA:15,(anonymous_2)
DA:17,1
DA:24,2
DA:28,2
DA:31,2
DA:33,2
DA:34,3
DA:37,15
DA:52,2
DA:66,1
LF:9
LH:9
BRDA:41,0,0,0
BRDA:41,0,1,15
BRF:2
BRH:1
end_of_record
TN:
SF:components/RatingBarList.js
FN:17,(anonymous_0)
FN:33,(anonymous_1)
FN:36,(anonymous_2)
FNF:3
FNH:0
FNDA:0,(anonymous_0)
FNDA:0,(anonymous_1)
FNDA:0,(anonymous_2)
DA:17,1
DA:24,0
DA:28,0
DA:31,0
DA:33,0
DA:34,0
DA:37,0
DA:52,0
DA:66,1
LF:9
LH:2
BRDA:41,0,0,0
BRDA:41,0,1,0
BRF:2
BRH:0
end_of_record
TN:
SF:components/SelectImage.js
FN:14,(anonymous_0)
FN:15,(anonymous_1)
FN:16,(anonymous_2)
FN:28,(anonymous_3)
FNF:4
FNH:3
FNDA:2,(anonymous_0)
FNDA:2,(anonymous_1)
FNDA:2,(anonymous_2)
FNDA:0,(anonymous_3)
DA:14,5
DA:15,2
DA:16,2
DA:17,2
DA:20,2
DA:21,0
DA:22,0
DA:28,2
DA:29,0
DA:36,0
DA:37,0
DA:41,2
DA:57,5
LF:13
LH:8
BRDA:17,0,0,2
BRDA:17,0,1,0
BRDA:21,1,0,0
BRDA:21,1,1,0
BRDA:36,2,0,0
BRDA:36,2,1,0
BRDA:43,3,0,2
BRDA:43,3,1,0
BRDA:47,4,0,0
BRDA:47,4,1,2
BRF:10
BRH:3
end_of_record
TN:
SF:components/SignInModal.js
FN:36,(anonymous_0)
FN:41,(anonymous_1)
FN:46,(anonymous_2)
FN:52,(anonymous_3)
FN:63,(anonymous_4)
FN:74,(anonymous_5)
FN:77,(anonymous_6)
FN:94,(anonymous_7)
FN:101,(anonymous_8)
FN:142,(anonymous_9)
FN:199,(anonymous_10)
FNF:11
FNH:3
FNDA:3,(anonymous_0)
FNDA:0,(anonymous_1)
FNDA:0,(anonymous_2)
FNDA:0,(anonymous_3)
FNDA:0,(anonymous_4)
FNDA:0,(anonymous_5)
FNDA:0,(anonymous_6)
FNDA:1,(anonymous_7)
FNDA:0,(anonymous_8)
FNDA:1,(anonymous_9)
FNDA:0,(anonymous_10)
DA:18,3
DA:36,3
DA:37,3
DA:38,3
DA:39,3
DA:41,3
DA:42,0
DA:43,0
DA:47,0
DA:48,0
DA:53,0
DA:64,0
DA:65,0
DA:67,0
DA:71,0
DA:75,0
DA:78,0
DA:79,0
DA:80,0
DA:81,0
DA:83,0
DA:89,3
DA:94,1
DA:102,0
DA:142,1
DA:199,0
DA:213,3
LF:27
LH:10
BRDA:42,0,0,0
BRDA:42,0,1,0
BRDA:64,1,0,0
BRDA:64,1,1,0
BRDA:78,2,0,0
BRDA:78,2,1,0
BRDA:80,3,0,0
BRDA:80,3,1,0
BRDA:98,4,0,0
BRDA:98,4,1,3
BRDA:108,5,0,2
BRDA:108,5,1,1
BRF:12
BRH:3
end_of_record
TN:
SF:components/UserInput.js
FN:10,(anonymous_0)
FN:16,(anonymous_1)
FN:17,(anonymous_2)
FN:27,(anonymous_3)
FN:62,(anonymous_4)
FN:70,(anonymous_5)
FN:79,(anonymous_6)
FN:94,(anonymous_7)
FN:103,(anonymous_8)
FNF:9
FNH:5
FNDA:6,(anonymous_0)
FNDA:3,(anonymous_1)
FNDA:3,(anonymous_2)
FNDA:0,(anonymous_3)
FNDA:0,(anonymous_4)
FNDA:1,(anonymous_5)
FNDA:1,(anonymous_6)
FNDA:0,(anonymous_7)
FNDA:0,(anonymous_8)
DA:10,3
DA:11,6
DA:12,6
DA:13,6
DA:14,6
DA:16,6
DA:17,3
DA:18,3
DA:19,0
DA:20,0
DA:22,0
DA:23,0
DA:27,6
DA:28,0
DA:29,0
DA:30,0
DA:36,0
DA:39,6
DA:62,0
DA:70,1
DA:79,1
DA:95,0
DA:104,0
DA:105,0
DA:119,3
LF:25
LH:13
BRDA:19,0,0,0
BRDA:19,0,1,0
BRDA:41,1,0,0
BRDA:41,1,1,6
BRDA:51,2,0,2
BRDA:51,2,1,4
BRDA:58,3,0,6
BRDA:58,3,1,0
BRDA:60,4,0,0
BRDA:60,4,1,6
BRDA:83,5,0,0
BRDA:83,5,1,6
BRF:12
BRH:6
end_of_record
TN:
SF:components/Forms/Form.js
FN:4,Form
FN:16,(anonymous_1)
FNF:2
FNH:2
FNDA:5,Form
FNDA:9,(anonymous_1)
DA:10,5
DA:16,9
LF:2
LH:2
BRF:0
BRH:0
end_of_record
TN:
SF:components/Forms/FormButton.js
FN:7,FormButton
FNF:1
FNH:1
FNDA:9,FormButton
DA:8,9
DA:9,9
DA:11,9
DA:21,5
LF:4
LH:4
BRDA:7,0,0,0
BRDA:9,1,0,0
BRDA:9,1,1,9
BRF:3
BRH:1
end_of_record
TN:
SF:components/Forms/FormErrorMessage.js
FN:6,FormErrorMessage
FNF:1
FNH:1
FNDA:25,FormErrorMessage
DA:7,25
DA:8,21
DA:11,4
DA:14,5
LF:4
LH:4
BRDA:7,0,0,21
BRDA:7,0,1,4
BRDA:7,1,0,25
BRDA:7,1,1,4
BRF:4
BRH:4
end_of_record
TN:
SF:components/Forms/FormField.js
FN:7,FormField
FN:20,(anonymous_1)
FN:21,(anonymous_2)
FNF:3
FNH:1
FNDA:20,FormField
FNDA:0,(anonymous_1)
FNDA:0,(anonymous_2)
DA:14,20
DA:16,20
DA:20,0
DA:21,0
LF:4
LH:2
BRF:0
BRH:0
end_of_record
TN:
SF:components/Forms/FormSwitch.js
FN:7,FormSwitch
FN:7,(anonymous_1)
FN:15,(anonymous_2)
FNF:3
FNH:0
FNDA:0,FormSwitch
FNDA:0,(anonymous_1)
FNDA:0,(anonymous_2)
DA:7,0
DA:8,0
DA:9,0
DA:10,0
DA:16,0
DA:17,0
DA:25,5
LF:7
LH:1
BRDA:7,0,0,0
BRF:1
BRH:0
end_of_record
TN:
SF:components/Forms/FormTextInput.js
FN:7,FormTextInput
FNF:1
FNH:1
FNDA:20,FormTextInput
DA:14,20
DA:43,5
LF:2
LH:2
BRDA:9,0,0,20
BRDA:16,1,0,20
BRDA:16,1,1,20
BRDA:29,2,0,20
BRDA:29,2,1,0
BRF:5
BRH:4
end_of_record
TN:
SF:components/Forms/colors.js
FNF:0
FNH:0
LF:0
LH:0
BRF:0
BRH:0
end_of_record
